<?xml version='1.0' encoding='UTF-8' ?>
<testsuite name="com.example.lunchtray.OrderFunctionalityTests" tests="10" failures="9" errors="0" skipped="0" time="32.191" timestamp="2022-08-31T14:20:40" hostname="localhost">
  <properties>
    <property name="device" value="SM-A135F - 12" />
    <property name="flavor" value="" />
    <property name="project" value=":app" />
  </properties>
  <testcase name="radio_buttons_update_side_menu_subtotal" classname="com.example.lunchtray.OrderFunctionalityTests" time="1.636">
    <failure>androidx.test.espresso.base.DefaultFailureHandler$AssertionFailedWithCauseError: 'an instance of android.widget.TextView and view.getText() with or without transformation to match: a string containing "Subtotal: $2.50"' doesn't match the selected view.
Expected: an instance of android.widget.TextView and view.getText() with or without transformation to match: a string containing "Subtotal: $2.50"
Got: view.getText() was "Subtotal: ₹2.50"
View Details: TextView{id=2131231217, res-name=subtotal, visibility=VISIBLE, width=279, height=55, has-focus=false, has-focusable=false, has-window-focus=true, is-clickable=false, is-enabled=true, is-focused=false, is-focusable=false, is-layout-requested=false, is-selected=false, layout-params=androidx.constraintlayout.widget.ConstraintLayout$LayoutParams&#64;9576aa0, tag=null, root-is-layout-requested=false, has-input-connection=false, x=756.0, y=1018.0, text=Subtotal: ₹2.50, input-type=0, ime-target=false, has-links=false}

at dalvik.system.VMStack.getThreadStackTrace(Native Method)
at java.lang.Thread.getStackTrace(Thread.java:1724)
at androidx.test.espresso.base.DefaultFailureHandler.getUserFriendlyError(DefaultFailureHandler.java:12)
at androidx.test.espresso.base.DefaultFailureHandler.handle(DefaultFailureHandler.java:7)
at androidx.test.espresso.ViewInteraction.waitForAndHandleInteractionResults(ViewInteraction.java:5)
at androidx.test.espresso.ViewInteraction.check(ViewInteraction.java:12)
at com.example.lunchtray.OrderFunctionalityTests.radio_buttons_update_side_menu_subtotal(OrderFunctionalityTests.kt:84)
... 27 trimmed
Caused by: junit.framework.AssertionFailedError: 'an instance of android.widget.TextView and view.getText() with or without transformation to match: a string containing "Subtotal: $2.50"' doesn't match the selected view.
Expected: an instance of android.widget.TextView and view.getText() with or without transformation to match: a string containing "Subtotal: $2.50"
Got: view.getText() was "Subtotal: ₹2.50"
View Details: TextView{id=2131231217, res-name=subtotal, visibility=VISIBLE, width=279, height=55, has-focus=false, has-focusable=false, has-window-focus=true, is-clickable=false, is-enabled=true, is-focused=false, is-focusable=false, is-layout-requested=false, is-selected=false, layout-params=androidx.constraintlayout.widget.ConstraintLayout$LayoutParams&#64;9576aa0, tag=null, root-is-layout-requested=false, has-input-connection=false, x=756.0, y=1018.0, text=Subtotal: ₹2.50, input-type=0, ime-target=false, has-links=false}

at androidx.test.espresso.matcher.ViewMatchers.assertThat(ViewMatchers.java:16)
at androidx.test.espresso.assertion.ViewAssertions$MatchesViewAssertion.check(ViewAssertions.java:11)
at androidx.test.espresso.ViewInteraction$SingleExecutionViewAssertion.check(ViewInteraction.java:2)
at androidx.test.espresso.ViewInteraction$2.call(ViewInteraction.java:12)
at androidx.test.espresso.ViewInteraction$2.call(ViewInteraction.java:1)
at java.util.concurrent.FutureTask.run(FutureTask.java:266)
at android.os.Handler.handleCallback(Handler.java:938)
at android.os.Handler.dispatchMessage(Handler.java:99)
at android.os.Looper.loopOnce(Looper.java:226)
at android.os.Looper.loop(Looper.java:313)
at android.app.ActivityThread.main(ActivityThread.java:8669)
at java.lang.reflect.Method.invoke(Native Method)
at com.android.internal.os.RuntimeInit$MethodAndArgsCaller.run(RuntimeInit.java:571)
at com.android.internal.os.ZygoteInit.main(ZygoteInit.java:1135)</failure>
  </testcase>
  <testcase name="order_reset_after_cancel_from_accompaniment_menu" classname="com.example.lunchtray.OrderFunctionalityTests" time="5.212">
    <failure>androidx.test.espresso.NoMatchingViewException: No views in hierarchy found matching: an instance of android.widget.TextView and view.getText() with or without transformation to match: is "Subtotal: $0.00"

View Hierarchy:
+&gt;DecorView{id=-1, visibility=VISIBLE, width=1080, height=2408, has-focus=false, has-focusable=true, has-window-focus=true, is-clickable=false, is-enabled=true, is-focused=false, is-focusable=false, is-layout-requested=false, is-selected=false, layout-params={(0,0)(fillxfill) ty=BASE_APPLICATION wanim=0x1030303
fl=81810100
pfl=10020040
bhv=DEFAULT
fitSides= naviIconColor=0}, tag=null, root-is-layout-requested=false, has-input-connection=false, x=0.0, y=0.0, child-count=3}
|
+-&gt;LinearLayout{id=-1, visibility=VISIBLE, width=1080, height=2366, has-focus=false, has-focusable=true, has-window-focus=true, is-clickable=false, is-enabled=true, is-focused=false, is-focusable=false, is-layout-requested=false, is-selected=false, layout-params=android.widget.FrameLayout$LayoutParams&#64;1f208be, tag=null, root-is-layout-requested=false, has-input-connection=false, x=0.0, y=0.0, child-count=2}
|
+--&gt;ViewStub{id=16908722, res-name=action_mode_bar_stub, visibility=GONE, width=0, height=0, has-focus=false, has-focusable=false, has-window-focus=true, is-clickable=false, is-enabled=true, is-focused=false, is-focusable=false, is-layout-requested=true, is-selected=false, layout-params=android.widget.LinearLayout$LayoutParams&#64;3abcd1f, tag=null, root-is-layout-requested=false, has-input-connection=false, x=0.0, y=0.0}
|
+--&gt;FrameLayout{id=-1, visibility=VISIBLE, width=1080, height=2300, has-focus=false, has-focusable=true, has-window-focus=true, is-clickable=false, is-enabled=true, is-focused=false, is-focusable=false, is-layout-requested=false, is-selected=false, layout-params=android.widget.LinearLayout$LayoutParams&#64;a55de35, tag=null, root-is-layout-requested=false, has-input-connection=false, x=0.0, y=66.0, child-count=1}
|
+---&gt;ActionBarOverlayLayout{id=2131230893, res-name=decor_content_parent, visibility=VISIBLE, width=1080, height=2300, has-focus=false, has-focusable=true, has-window-focus=true, is-clickable=false, is-enabled=true, is-focused=false, is-focusable=false, is-layout-requested=false, is-selected=false, layout-params=android.widget.FrameLayout$LayoutParams&#64;4ca2f58, tag=null, root-is-layout-requested=false, has-input-connection=false, x=0.0, y=0.0, child-count=2}
|
+----&gt;ContentFrameLayout{id=16908290, res-name=content, visibility=VISIBLE, width=1080, height=2142, has-focus=false, has-focusable=true, has-window-focus=true, is-clickable=false, is-enabled=true, is-focused=false, is-focusable=false, is-layout-requested=false, is-selected=false, layout-params=androidx.appcompat.widget.ActionBarOverlayLayout$LayoutParams&#64;f47196, tag=null, root-is-layout-requested=false, has-input-connection=false, x=0.0, y=158.0, child-count=1}
|
+-----&gt;ConstraintLayout{id=2131230877, res-name=container, visibility=VISIBLE, width=1080, height=2142, has-focus=false, has-focusable=true, has-window-focus=true, is-clickable=false, is-enabled=true, is-focused=false, is-focusable=false, is-layout-requested=false, is-selected=false, layout-params=android.widget.FrameLayout$LayoutParams&#64;15ee904, tag=null, root-is-layout-requested=false, has-input-connection=false, x=0.0, y=0.0, child-count=1}
|
+------&gt;FragmentContainerView{id=2131231069, res-name=nav_host_fragment, visibility=VISIBLE, width=1080, height=2142, has-focus=false, has-focusable=true, has-window-focus=true, is-clickable=false, is-enabled=true, is-focused=false, is-focusable=false, is-layout-requested=false, is-selected=false, layout-params=androidx.constraintlayout.widget.ConstraintLayout$LayoutParams&#64;87e1122, tag=null, root-is-layout-requested=false, has-input-connection=false, x=0.0, y=0.0, child-count=1}
|
+-------&gt;FragmentContainerView{id=2131231069, res-name=nav_host_fragment, visibility=VISIBLE, width=1080, height=2142, has-focus=false, has-focusable=true, has-window-focus=true, is-clickable=false, is-enabled=true, is-focused=false, is-focusable=false, is-layout-requested=false, is-selected=false, layout-params=android.widget.FrameLayout$LayoutParams&#64;1639170, tag=null, root-is-layout-requested=false, has-input-connection=false, x=0.0, y=0.0, child-count=1}
|
+--------&gt;ScrollView{id=-1, visibility=VISIBLE, width=1080, height=1560, has-focus=false, has-focusable=true, has-window-focus=true, is-clickable=false, is-enabled=true, is-focused=false, is-focusable=true, is-layout-requested=false, is-selected=false, layout-params=android.widget.FrameLayout$LayoutParams&#64;4101d6e, tag=null, root-is-layout-requested=false, has-input-connection=false, x=0.0, y=0.0, child-count=1}
|
+---------&gt;ConstraintLayout{id=-1, visibility=VISIBLE, width=1080, height=1560, has-focus=false, has-focusable=true, has-window-focus=true, is-clickable=false, is-enabled=true, is-focused=false, is-focusable=false, is-layout-requested=false, is-selected=false, layout-params=android.widget.FrameLayout$LayoutParams&#64;4541e88, tag=null, root-is-layout-requested=false, has-input-connection=false, x=0.0, y=0.0, child-count=5}
|
+----------&gt;RadioGroup{id=2131230936, res-name=entree_options, visibility=VISIBLE, width=990, height=1209, has-focus=false, has-focusable=true, has-window-focus=true, is-clickable=false, is-enabled=true, is-focused=false, is-focusable=false, is-layout-requested=false, is-selected=false, layout-params=androidx.constraintlayout.widget.ConstraintLayout$LayoutParams&#64;39039b8, tag=null, root-is-layout-requested=false, has-input-connection=false, x=45.0, y=0.0, child-count=15}
|
+-----------&gt;MaterialRadioButton{id=2131230844, res-name=cauliflower, visibility=VISIBLE, width=313, height=135, has-focus=false, has-focusable=true, has-window-focus=true, is-clickable=true, is-enabled=true, is-focused=false, is-focusable=true, is-layout-requested=false, is-selected=false, layout-params=android.widget.RadioGroup$LayoutParams&#64;24ed391, tag=null, root-is-layout-requested=false, has-input-connection=false, x=0.0, y=0.0, text=Cauliflower, input-type=0, ime-target=false, has-links=false, is-checked=false}
|
+-----------&gt;MaterialTextView{id=2131230845, res-name=cauliflower_description, visibility=VISIBLE, width=844, height=47, has-focus=false, has-focusable=false, has-window-focus=true, is-clickable=false, is-enabled=true, is-focused=false, is-focusable=false, is-layout-requested=false, is-selected=false, layout-params=android.widget.RadioGroup$LayoutParams&#64;32c72f6, tag=null, root-is-layout-requested=false, has-input-connection=false, x=0.0, y=135.0, text=Whole cauliflower, brined, roasted, and deep fried, input-type=0, ime-target=false, has-links=false}
|
+-----------&gt;MaterialTextView{id=2131230846, res-name=cauliflower_price, visibility=VISIBLE, width=136, height=70, has-focus=false, has-focusable=false, has-window-focus=true, is-clickable=false, is-enabled=true, is-focused=false, is-focusable=false, is-layout-requested=false, is-selected=false, layout-params=android.widget.RadioGroup$LayoutParams&#64;53816f7, tag=null, root-is-layout-requested=false, has-input-connection=false, x=0.0, y=182.0, text=₹7.00, input-type=0, ime-target=false, has-links=false}
|
+-----------&gt;View{id=-1, visibility=VISIBLE, width=990, height=3, has-focus=false, has-focusable=false, has-window-focus=true, is-clickable=false, is-enabled=true, is-focused=false, is-focusable=false, is-layout-requested=false, is-selected=false, layout-params=android.widget.RadioGroup$LayoutParams&#64;9eb3964, tag=null, root-is-layout-requested=false, has-input-connection=false, x=0.0, y=275.0}
|
+-----------&gt;MaterialRadioButton{id=2131230858, res-name=chili, visibility=VISIBLE, width=406, height=135, has-focus=false, has-focusable=true, has-window-focus=true, is-clickable=true, is-enabled=true, is-focused=false, is-focusable=true, is-layout-requested=false, is-selected=false, layout-params=android.widget.RadioGroup$LayoutParams&#64;bfc17cd, tag=null, root-is-layout-requested=false, has-input-connection=false, x=0.0, y=278.0, text=Three Bean Chili, input-type=0, ime-target=false, has-links=false, is-checked=false}
|
+-----------&gt;MaterialTextView{id=2131230859, res-name=chili_description, visibility=VISIBLE, width=990, height=88, has-focus=false, has-focusable=false, has-window-focus=true, is-clickable=false, is-enabled=true, is-focused=false, is-focusable=false, is-layout-requested=false, is-selected=false, layout-params=android.widget.RadioGroup$LayoutParams&#64;f24c882, tag=null, root-is-layout-requested=false, has-input-connection=false, x=0.0, y=413.0, text=Black beans, red beans, kidney beans, slow cooked, topped with onion, input-type=0, ime-target=false, has-links=false}
|
+-----------&gt;MaterialTextView{id=2131230860, res-name=chili_price, visibility=VISIBLE, width=136, height=70, has-focus=false, has-focusable=false, has-window-focus=true, is-clickable=false, is-enabled=true, is-focused=false, is-focusable=false, is-layout-requested=false, is-selected=false, layout-params=android.widget.RadioGroup$LayoutParams&#64;e4d2b93, tag=null, root-is-layout-requested=false, has-input-connection=false, x=0.0, y=501.0, text=₹4.00, input-type=0, ime-target=false, has-links=false}
|
+-----------&gt;View{id=-1, visibility=VISIBLE, width=990, height=3, has-focus=false, has-focusable=false, has-window-focus=true, is-clickable=false, is-enabled=true, is-focused=false, is-focusable=false, is-layout-requested=false, is-selected=false, layout-params=android.widget.RadioGroup$LayoutParams&#64;d487d0, tag=null, root-is-layout-requested=false, has-input-connection=false, x=0.0, y=594.0}
|
+-----------&gt;MaterialRadioButton{id=2131231106, res-name=pasta, visibility=VISIBLE, width=410, height=135, has-focus=false, has-focusable=true, has-window-focus=true, is-clickable=true, is-enabled=true, is-focused=false, is-focusable=true, is-layout-requested=false, is-selected=false, layout-params=android.widget.RadioGroup$LayoutParams&#64;6bf63c9, tag=null, root-is-layout-requested=false, has-input-connection=false, x=0.0, y=597.0, text=Mushroom Pasta, input-type=0, ime-target=false, has-links=false, is-checked=false}
|
+-----------&gt;MaterialTextView{id=2131231107, res-name=pasta_description, visibility=VISIBLE, width=990, height=88, has-focus=false, has-focusable=false, has-window-focus=true, is-clickable=false, is-enabled=true, is-focused=false, is-focusable=false, is-layout-requested=false, is-selected=false, layout-params=android.widget.RadioGroup$LayoutParams&#64;65aeace, tag=null, root-is-layout-requested=false, has-input-connection=false, x=0.0, y=732.0, text=Penne pasta, mushrooms, basil, with plum tomatoes cooked in garlic and olive oil, input-type=0, ime-target=false, has-links=false}
|
+-----------&gt;MaterialTextView{id=2131231108, res-name=pasta_price, visibility=VISIBLE, width=136, height=70, has-focus=false, has-focusable=false, has-window-focus=true, is-clickable=false, is-enabled=true, is-focused=false, is-focusable=false, is-layout-requested=false, is-selected=false, layout-params=android.widget.RadioGroup$LayoutParams&#64;194edef, tag=null, root-is-layout-requested=false, has-input-connection=false, x=0.0, y=820.0, text=₹5.50, input-type=0, ime-target=false, has-links=false}
|
+-----------&gt;View{id=-1, visibility=VISIBLE, width=990, height=3, has-focus=false, has-focusable=false, has-window-focus=true, is-clickable=false, is-enabled=true, is-focused=false, is-focusable=false, is-layout-requested=false, is-selected=false, layout-params=android.widget.RadioGroup$LayoutParams&#64;2c250fc, tag=null, root-is-layout-requested=false, has-input-connection=false, x=0.0, y=913.0}
|
+-----------&gt;MaterialRadioButton{id=2131231175, res-name=skillet, visibility=VISIBLE, width=552, height=135, has-focus=false, has-focusable=true, has-window-focus=true, is-clickable=true, is-enabled=true, is-focused=false, is-focusable=true, is-layout-requested=false, is-selected=false, layout-params=android.widget.RadioGroup$LayoutParams&#64;517385, tag=null, root-is-layout-requested=false, has-input-connection=false, x=0.0, y=916.0, text=Spicy Black Bean Skillet, input-type=0, ime-target=false, has-links=false, is-checked=false}
|
+-----------&gt;MaterialTextView{id=2131231176, res-name=skillet_description, visibility=VISIBLE, width=990, height=88, has-focus=false, has-focusable=false, has-window-focus=true, is-clickable=false, is-enabled=true, is-focused=false, is-focusable=false, is-layout-requested=false, is-selected=false, layout-params=android.widget.RadioGroup$LayoutParams&#64;1bee5da, tag=null, root-is-layout-requested=false, has-input-connection=false, x=0.0, y=1051.0, text=Seasonal vegetables, black beans, house spice blend, served with avocado and quick pickled onions, input-type=0, ime-target=false, has-links=false}
|
+-----------&gt;MaterialTextView{id=2131231177, res-name=skillet_price, visibility=VISIBLE, width=136, height=70, has-focus=false, has-focusable=false, has-window-focus=true, is-clickable=false, is-enabled=true, is-focused=false, is-focusable=false, is-layout-requested=false, is-selected=false, layout-params=android.widget.RadioGroup$LayoutParams&#64;8ec7a0b, tag=null, root-is-layout-requested=false, has-input-connection=false, x=0.0, y=1139.0, text=₹5.50, input-type=0, ime-target=false, has-links=false}
|
+----------&gt;View{id=2131230910, res-name=divider, visibility=VISIBLE, width=990, height=3, has-focus=false, has-focusable=false, has-window-focus=true, is-clickable=false, is-enabled=true, is-focused=false, is-focusable=false, is-layout-requested=false, is-selected=false, layout-params=androidx.constraintlayout.widget.ConstraintLayout$LayoutParams&#64;96180e8, tag=null, root-is-layout-requested=false, has-input-connection=false, x=45.0, y=1232.0}
|
+----------&gt;MaterialTextView{id=2131231217, res-name=subtotal, visibility=VISIBLE, width=279, height=55, has-focus=false, has-focusable=false, has-window-focus=true, is-clickable=false, is-enabled=true, is-focused=false, is-focusable=false, is-layout-requested=false, is-selected=false, layout-params=androidx.constraintlayout.widget.ConstraintLayout$LayoutParams&#64;f3ac301, tag=null, root-is-layout-requested=false, has-input-connection=false, x=756.0, y=1280.0, text=Subtotal: ₹0.00, input-type=0, ime-target=false, has-links=false}
|
+----------&gt;MaterialButton{id=2131230842, res-name=cancel_button, visibility=VISIBLE, width=473, height=135, has-focus=false, has-focusable=true, has-window-focus=true, is-clickable=true, is-enabled=true, is-focused=false, is-focusable=true, is-layout-requested=false, is-selected=false, layout-params=androidx.constraintlayout.widget.ConstraintLayout$LayoutParams&#64;73585a6, tag=null, root-is-layout-requested=false, has-input-connection=false, x=45.0, y=1380.0, text=Cancel, input-type=0, ime-target=false, has-links=false, is-checked=false}
|
+----------&gt;MaterialButton{id=2131231081, res-name=next_button, visibility=VISIBLE, width=472, height=135, has-focus=false, has-focusable=true, has-window-focus=true, is-clickable=true, is-enabled=true, is-focused=false, is-focusable=true, is-layout-requested=false, is-selected=false, layout-params=androidx.constraintlayout.widget.ConstraintLayout$LayoutParams&#64;4e6abe7, tag=null, root-is-layout-requested=false, has-input-connection=false, x=563.0, y=1380.0, text=Next, input-type=0, ime-target=false, has-links=false, is-checked=false}
|
+----&gt;ActionBarContainer{id=2131230780, res-name=action_bar_container, visibility=VISIBLE, width=1080, height=158, has-focus=false, has-focusable=false, has-window-focus=true, is-clickable=false, is-enabled=true, is-focused=false, is-focusable=false, is-layout-requested=false, is-selected=false, layout-params=androidx.appcompat.widget.ActionBarOverlayLayout$LayoutParams&#64;4245632, tag=null, root-is-layout-requested=false, has-input-connection=false, x=0.0, y=0.0, child-count=2}
|
+-----&gt;Toolbar{id=2131230778, res-name=action_bar, visibility=VISIBLE, width=1080, height=158, has-focus=false, has-focusable=false, has-window-focus=true, is-clickable=false, is-enabled=true, is-focused=false, is-focusable=false, is-layout-requested=false, is-selected=false, layout-params=android.widget.FrameLayout$LayoutParams&#64;4bda37e, tag=null, root-is-layout-requested=false, has-input-connection=false, x=0.0, y=0.0, child-count=3}
|
+------&gt;AppCompatTextView{id=-1, visibility=VISIBLE, width=598, height=75, has-focus=false, has-focusable=false, has-window-focus=true, is-clickable=false, is-enabled=true, is-focused=false, is-focusable=false, is-layout-requested=false, is-selected=false, layout-params=androidx.appcompat.widget.Toolbar$LayoutParams&#64;e0330df, tag=null, root-is-layout-requested=false, has-input-connection=false, x=202.0, y=41.0, text=fragment_entree_menu, input-type=0, ime-target=false, has-links=false}
|
+------&gt;ActionMenuView{id=-1, visibility=VISIBLE, width=0, height=158, has-focus=false, has-focusable=false, has-window-focus=true, is-clickable=false, is-enabled=true, is-focused=false, is-focusable=false, is-layout-requested=false, is-selected=false, layout-params=androidx.appcompat.widget.Toolbar$LayoutParams&#64;bb9f12c, tag=null, root-is-layout-requested=false, has-input-connection=false, x=1080.0, y=0.0, child-count=0}
|
+------&gt;AppCompatImageButton{id=-1, desc=Navigate up, visibility=VISIBLE, width=158, height=158, has-focus=false, has-focusable=false, has-window-focus=true, is-clickable=true, is-enabled=true, is-focused=false, is-focusable=true, is-layout-requested=false, is-selected=false, layout-params=androidx.appcompat.widget.Toolbar$LayoutParams&#64;9af47f5, tag=null, root-is-layout-requested=false, has-input-connection=false, x=0.0, y=0.0}
|
+-----&gt;ActionBarContextView{id=2131230787, res-name=action_context_bar, visibility=GONE, width=0, height=0, has-focus=false, has-focusable=false, has-window-focus=true, is-clickable=false, is-enabled=true, is-focused=false, is-focusable=false, is-layout-requested=true, is-selected=false, layout-params=android.widget.FrameLayout$LayoutParams&#64;40c798a, tag=null, root-is-layout-requested=false, has-input-connection=false, x=0.0, y=0.0, child-count=0}
|
+-&gt;View{id=16908336, res-name=navigationBarBackground, visibility=VISIBLE, width=1080, height=42, has-focus=false, has-focusable=false, has-window-focus=true, is-clickable=false, is-enabled=true, is-focused=false, is-focusable=false, is-layout-requested=false, is-selected=false, layout-params=android.widget.FrameLayout$LayoutParams&#64;113fbfb, tag=null, root-is-layout-requested=false, has-input-connection=false, x=0.0, y=2366.0}
|
+-&gt;View{id=16908335, res-name=statusBarBackground, visibility=VISIBLE, width=1080, height=66, has-focus=false, has-focusable=false, has-window-focus=true, is-clickable=false, is-enabled=true, is-focused=false, is-focusable=false, is-layout-requested=false, is-selected=false, layout-params=android.widget.FrameLayout$LayoutParams&#64;b6af418, tag=null, root-is-layout-requested=false, has-input-connection=false, x=0.0, y=0.0}
at dalvik.system.VMStack.getThreadStackTrace(Native Method)
at java.lang.Thread.getStackTrace(Thread.java:1724)
at androidx.test.espresso.base.DefaultFailureHandler.getUserFriendlyError(DefaultFailureHandler.java:12)
at androidx.test.espresso.base.DefaultFailureHandler.handle(DefaultFailureHandler.java:7)
at androidx.test.espresso.ViewInteraction.waitForAndHandleInteractionResults(ViewInteraction.java:8)
at androidx.test.espresso.ViewInteraction.check(ViewInteraction.java:12)
at com.example.lunchtray.OrderFunctionalityTests.order_reset_after_cancel_from_accompaniment_menu(OrderFunctionalityTests.kt:248)</failure>
  </testcase>
  <testcase name="subtotal_updates_in_full_order_flow" classname="com.example.lunchtray.OrderFunctionalityTests" time="2.338">
    <failure>androidx.test.espresso.base.DefaultFailureHandler$AssertionFailedWithCauseError: 'an instance of android.widget.TextView and view.getText() with or without transformation to match: a string containing "Subtotal: $9.50"' doesn't match the selected view.
Expected: an instance of android.widget.TextView and view.getText() with or without transformation to match: a string containing "Subtotal: $9.50"
Got: view.getText() was "Subtotal: ₹9.50" transformed text was "Subtotal: ₹9.50"
View Details: MaterialTextView{id=2131231217, res-name=subtotal, visibility=VISIBLE, width=279, height=55, has-focus=false, has-focusable=false, has-window-focus=true, is-clickable=false, is-enabled=true, is-focused=false, is-focusable=false, is-layout-requested=false, is-selected=false, layout-params=androidx.constraintlayout.widget.ConstraintLayout$LayoutParams&#64;b6fd60e, tag=null, root-is-layout-requested=false, has-input-connection=false, x=756.0, y=1198.0, text=Subtotal: ₹9.50, input-type=0, ime-target=false, has-links=false}

at dalvik.system.VMStack.getThreadStackTrace(Native Method)
at java.lang.Thread.getStackTrace(Thread.java:1724)
at androidx.test.espresso.base.DefaultFailureHandler.getUserFriendlyError(DefaultFailureHandler.java:12)
at androidx.test.espresso.base.DefaultFailureHandler.handle(DefaultFailureHandler.java:7)
at androidx.test.espresso.ViewInteraction.waitForAndHandleInteractionResults(ViewInteraction.java:5)
at androidx.test.espresso.ViewInteraction.check(ViewInteraction.java:12)
at com.example.lunchtray.OrderFunctionalityTests.subtotal_updates_in_full_order_flow(OrderFunctionalityTests.kt:148)
... 27 trimmed
Caused by: junit.framework.AssertionFailedError: 'an instance of android.widget.TextView and view.getText() with or without transformation to match: a string containing "Subtotal: $9.50"' doesn't match the selected view.
Expected: an instance of android.widget.TextView and view.getText() with or without transformation to match: a string containing "Subtotal: $9.50"
Got: view.getText() was "Subtotal: ₹9.50" transformed text was "Subtotal: ₹9.50"
View Details: MaterialTextView{id=2131231217, res-name=subtotal, visibility=VISIBLE, width=279, height=55, has-focus=false, has-focusable=false, has-window-focus=true, is-clickable=false, is-enabled=true, is-focused=false, is-focusable=false, is-layout-requested=false, is-selected=false, layout-params=androidx.constraintlayout.widget.ConstraintLayout$LayoutParams&#64;b6fd60e, tag=null, root-is-layout-requested=false, has-input-connection=false, x=756.0, y=1198.0, text=Subtotal: ₹9.50, input-type=0, ime-target=false, has-links=false}

at androidx.test.espresso.matcher.ViewMatchers.assertThat(ViewMatchers.java:16)
at androidx.test.espresso.assertion.ViewAssertions$MatchesViewAssertion.check(ViewAssertions.java:11)
at androidx.test.espresso.ViewInteraction$SingleExecutionViewAssertion.check(ViewInteraction.java:2)
at androidx.test.espresso.ViewInteraction$2.call(ViewInteraction.java:12)
at androidx.test.espresso.ViewInteraction$2.call(ViewInteraction.java:1)
at java.util.concurrent.FutureTask.run(FutureTask.java:266)
at android.os.Handler.handleCallback(Handler.java:938)
at android.os.Handler.dispatchMessage(Handler.java:99)
at android.os.Looper.loopOnce(Looper.java:226)
at android.os.Looper.loop(Looper.java:313)
at android.app.ActivityThread.main(ActivityThread.java:8669)
at java.lang.reflect.Method.invoke(Native Method)
at com.android.internal.os.RuntimeInit$MethodAndArgsCaller.run(RuntimeInit.java:571)
at com.android.internal.os.ZygoteInit.main(ZygoteInit.java:1135)</failure>
  </testcase>
  <testcase name="order_snackbar" classname="com.example.lunchtray.OrderFunctionalityTests" time="3.827" />
  <testcase name="order_reset_after_cancel_from_entree_menu" classname="com.example.lunchtray.OrderFunctionalityTests" time="2.336">
    <failure>androidx.test.espresso.NoMatchingViewException: No views in hierarchy found matching: an instance of android.widget.TextView and view.getText() with or without transformation to match: is "Subtotal: $0.00"

View Hierarchy:
+&gt;DecorView{id=-1, visibility=VISIBLE, width=1080, height=2408, has-focus=false, has-focusable=true, has-window-focus=true, is-clickable=false, is-enabled=true, is-focused=false, is-focusable=false, is-layout-requested=false, is-selected=false, layout-params={(0,0)(fillxfill) ty=BASE_APPLICATION wanim=0x1030303
fl=81810100
pfl=10020040
bhv=DEFAULT
fitSides= naviIconColor=0}, tag=null, root-is-layout-requested=false, has-input-connection=false, x=0.0, y=0.0, child-count=3}
|
+-&gt;LinearLayout{id=-1, visibility=VISIBLE, width=1080, height=2366, has-focus=false, has-focusable=true, has-window-focus=true, is-clickable=false, is-enabled=true, is-focused=false, is-focusable=false, is-layout-requested=false, is-selected=false, layout-params=android.widget.FrameLayout$LayoutParams&#64;605e033, tag=null, root-is-layout-requested=false, has-input-connection=false, x=0.0, y=0.0, child-count=2}
|
+--&gt;ViewStub{id=16908722, res-name=action_mode_bar_stub, visibility=GONE, width=0, height=0, has-focus=false, has-focusable=false, has-window-focus=true, is-clickable=false, is-enabled=true, is-focused=false, is-focusable=false, is-layout-requested=true, is-selected=false, layout-params=android.widget.LinearLayout$LayoutParams&#64;5422ff0, tag=null, root-is-layout-requested=false, has-input-connection=false, x=0.0, y=0.0}
|
+--&gt;FrameLayout{id=-1, visibility=VISIBLE, width=1080, height=2300, has-focus=false, has-focusable=true, has-window-focus=true, is-clickable=false, is-enabled=true, is-focused=false, is-focusable=false, is-layout-requested=false, is-selected=false, layout-params=android.widget.LinearLayout$LayoutParams&#64;2b81fee, tag=null, root-is-layout-requested=false, has-input-connection=false, x=0.0, y=66.0, child-count=1}
|
+---&gt;ActionBarOverlayLayout{id=2131230893, res-name=decor_content_parent, visibility=VISIBLE, width=1080, height=2300, has-focus=false, has-focusable=true, has-window-focus=true, is-clickable=false, is-enabled=true, is-focused=false, is-focusable=false, is-layout-requested=false, is-selected=false, layout-params=android.widget.FrameLayout$LayoutParams&#64;1db8325, tag=null, root-is-layout-requested=false, has-input-connection=false, x=0.0, y=0.0, child-count=2}
|
+----&gt;ContentFrameLayout{id=16908290, res-name=content, visibility=VISIBLE, width=1080, height=2142, has-focus=false, has-focusable=true, has-window-focus=true, is-clickable=false, is-enabled=true, is-focused=false, is-focusable=false, is-layout-requested=false, is-selected=false, layout-params=androidx.appcompat.widget.ActionBarOverlayLayout$LayoutParams&#64;b3322ab, tag=null, root-is-layout-requested=false, has-input-connection=false, x=0.0, y=158.0, child-count=1}
|
+-----&gt;ConstraintLayout{id=2131230877, res-name=container, visibility=VISIBLE, width=1080, height=2142, has-focus=false, has-focusable=true, has-window-focus=true, is-clickable=false, is-enabled=true, is-focused=false, is-focusable=false, is-layout-requested=false, is-selected=false, layout-params=android.widget.FrameLayout$LayoutParams&#64;4e62ca1, tag=null, root-is-layout-requested=false, has-input-connection=false, x=0.0, y=0.0, child-count=1}
|
+------&gt;FragmentContainerView{id=2131231069, res-name=nav_host_fragment, visibility=VISIBLE, width=1080, height=2142, has-focus=false, has-focusable=true, has-window-focus=true, is-clickable=false, is-enabled=true, is-focused=false, is-focusable=false, is-layout-requested=false, is-selected=false, layout-params=androidx.constraintlayout.widget.ConstraintLayout$LayoutParams&#64;cff3e87, tag=null, root-is-layout-requested=false, has-input-connection=false, x=0.0, y=0.0, child-count=1}
|
+-------&gt;FragmentContainerView{id=2131231069, res-name=nav_host_fragment, visibility=VISIBLE, width=1080, height=2142, has-focus=false, has-focusable=true, has-window-focus=true, is-clickable=false, is-enabled=true, is-focused=false, is-focusable=false, is-layout-requested=false, is-selected=false, layout-params=android.widget.FrameLayout$LayoutParams&#64;397f1dd, tag=null, root-is-layout-requested=false, has-input-connection=false, x=0.0, y=0.0, child-count=1}
|
+--------&gt;ScrollView{id=-1, visibility=VISIBLE, width=1080, height=1560, has-focus=false, has-focusable=true, has-window-focus=true, is-clickable=false, is-enabled=true, is-focused=false, is-focusable=true, is-layout-requested=false, is-selected=false, layout-params=android.widget.FrameLayout$LayoutParams&#64;c873c23, tag=null, root-is-layout-requested=false, has-input-connection=false, x=0.0, y=0.0, child-count=1}
|
+---------&gt;ConstraintLayout{id=-1, visibility=VISIBLE, width=1080, height=1560, has-focus=false, has-focusable=true, has-window-focus=true, is-clickable=false, is-enabled=true, is-focused=false, is-focusable=false, is-layout-requested=false, is-selected=false, layout-params=android.widget.FrameLayout$LayoutParams&#64;e2c7f95, tag=null, root-is-layout-requested=false, has-input-connection=false, x=0.0, y=0.0, child-count=5}
|
+----------&gt;RadioGroup{id=2131230936, res-name=entree_options, visibility=VISIBLE, width=990, height=1209, has-focus=false, has-focusable=true, has-window-focus=true, is-clickable=false, is-enabled=true, is-focused=false, is-focusable=false, is-layout-requested=false, is-selected=false, layout-params=androidx.constraintlayout.widget.ConstraintLayout$LayoutParams&#64;1ad7805, tag=null, root-is-layout-requested=false, has-input-connection=false, x=45.0, y=0.0, child-count=15}
|
+-----------&gt;MaterialRadioButton{id=2131230844, res-name=cauliflower, visibility=VISIBLE, width=313, height=135, has-focus=false, has-focusable=true, has-window-focus=true, is-clickable=true, is-enabled=true, is-focused=false, is-focusable=true, is-layout-requested=false, is-selected=false, layout-params=android.widget.RadioGroup$LayoutParams&#64;a4bd05a, tag=null, root-is-layout-requested=false, has-input-connection=false, x=0.0, y=0.0, text=Cauliflower, input-type=0, ime-target=false, has-links=false, is-checked=false}
|
+-----------&gt;MaterialTextView{id=2131230845, res-name=cauliflower_description, visibility=VISIBLE, width=844, height=47, has-focus=false, has-focusable=false, has-window-focus=true, is-clickable=false, is-enabled=true, is-focused=false, is-focusable=false, is-layout-requested=false, is-selected=false, layout-params=android.widget.RadioGroup$LayoutParams&#64;b5f528b, tag=null, root-is-layout-requested=false, has-input-connection=false, x=0.0, y=135.0, text=Whole cauliflower, brined, roasted, and deep fried, input-type=0, ime-target=false, has-links=false}
|
+-----------&gt;MaterialTextView{id=2131230846, res-name=cauliflower_price, visibility=VISIBLE, width=136, height=70, has-focus=false, has-focusable=false, has-window-focus=true, is-clickable=false, is-enabled=true, is-focused=false, is-focusable=false, is-layout-requested=false, is-selected=false, layout-params=android.widget.RadioGroup$LayoutParams&#64;53eaf68, tag=null, root-is-layout-requested=false, has-input-connection=false, x=0.0, y=182.0, text=₹7.00, input-type=0, ime-target=false, has-links=false}
|
+-----------&gt;View{id=-1, visibility=VISIBLE, width=990, height=3, has-focus=false, has-focusable=false, has-window-focus=true, is-clickable=false, is-enabled=true, is-focused=false, is-focusable=false, is-layout-requested=false, is-selected=false, layout-params=android.widget.RadioGroup$LayoutParams&#64;7928f81, tag=null, root-is-layout-requested=false, has-input-connection=false, x=0.0, y=275.0}
|
+-----------&gt;MaterialRadioButton{id=2131230858, res-name=chili, visibility=VISIBLE, width=406, height=135, has-focus=false, has-focusable=true, has-window-focus=true, is-clickable=true, is-enabled=true, is-focused=false, is-focusable=true, is-layout-requested=false, is-selected=false, layout-params=android.widget.RadioGroup$LayoutParams&#64;fe69826, tag=null, root-is-layout-requested=false, has-input-connection=false, x=0.0, y=278.0, text=Three Bean Chili, input-type=0, ime-target=false, has-links=false, is-checked=false}
|
+-----------&gt;MaterialTextView{id=2131230859, res-name=chili_description, visibility=VISIBLE, width=990, height=88, has-focus=false, has-focusable=false, has-window-focus=true, is-clickable=false, is-enabled=true, is-focused=false, is-focusable=false, is-layout-requested=false, is-selected=false, layout-params=android.widget.RadioGroup$LayoutParams&#64;aee8c67, tag=null, root-is-layout-requested=false, has-input-connection=false, x=0.0, y=413.0, text=Black beans, red beans, kidney beans, slow cooked, topped with onion, input-type=0, ime-target=false, has-links=false}
|
+-----------&gt;MaterialTextView{id=2131230860, res-name=chili_price, visibility=VISIBLE, width=136, height=70, has-focus=false, has-focusable=false, has-window-focus=true, is-clickable=false, is-enabled=true, is-focused=false, is-focusable=false, is-layout-requested=false, is-selected=false, layout-params=android.widget.RadioGroup$LayoutParams&#64;5035a14, tag=null, root-is-layout-requested=false, has-input-connection=false, x=0.0, y=501.0, text=₹4.00, input-type=0, ime-target=false, has-links=false}
|
+-----------&gt;View{id=-1, visibility=VISIBLE, width=990, height=3, has-focus=false, has-focusable=false, has-window-focus=true, is-clickable=false, is-enabled=true, is-focused=false, is-focusable=false, is-layout-requested=false, is-selected=false, layout-params=android.widget.RadioGroup$LayoutParams&#64;757a2bd, tag=null, root-is-layout-requested=false, has-input-connection=false, x=0.0, y=594.0}
|
+-----------&gt;MaterialRadioButton{id=2131231106, res-name=pasta, visibility=VISIBLE, width=410, height=135, has-focus=false, has-focusable=true, has-window-focus=true, is-clickable=true, is-enabled=true, is-focused=false, is-focusable=true, is-layout-requested=false, is-selected=false, layout-params=android.widget.RadioGroup$LayoutParams&#64;f1410b2, tag=null, root-is-layout-requested=false, has-input-connection=false, x=0.0, y=597.0, text=Mushroom Pasta, input-type=0, ime-target=false, has-links=false, is-checked=false}
|
+-----------&gt;MaterialTextView{id=2131231107, res-name=pasta_description, visibility=VISIBLE, width=990, height=88, has-focus=false, has-focusable=false, has-window-focus=true, is-clickable=false, is-enabled=true, is-focused=false, is-focusable=false, is-layout-requested=false, is-selected=false, layout-params=android.widget.RadioGroup$LayoutParams&#64;44d8803, tag=null, root-is-layout-requested=false, has-input-connection=false, x=0.0, y=732.0, text=Penne pasta, mushrooms, basil, with plum tomatoes cooked in garlic and olive oil, input-type=0, ime-target=false, has-links=false}
|
+-----------&gt;MaterialTextView{id=2131231108, res-name=pasta_price, visibility=VISIBLE, width=136, height=70, has-focus=false, has-focusable=false, has-window-focus=true, is-clickable=false, is-enabled=true, is-focused=false, is-focusable=false, is-layout-requested=false, is-selected=false, layout-params=android.widget.RadioGroup$LayoutParams&#64;9c60380, tag=null, root-is-layout-requested=false, has-input-connection=false, x=0.0, y=820.0, text=₹5.50, input-type=0, ime-target=false, has-links=false}
|
+-----------&gt;View{id=-1, visibility=VISIBLE, width=990, height=3, has-focus=false, has-focusable=false, has-window-focus=true, is-clickable=false, is-enabled=true, is-focused=false, is-focusable=false, is-layout-requested=false, is-selected=false, layout-params=android.widget.RadioGroup$LayoutParams&#64;360adb9, tag=null, root-is-layout-requested=false, has-input-connection=false, x=0.0, y=913.0}
|
+-----------&gt;MaterialRadioButton{id=2131231175, res-name=skillet, visibility=VISIBLE, width=552, height=135, has-focus=false, has-focusable=true, has-window-focus=true, is-clickable=true, is-enabled=true, is-focused=false, is-focusable=true, is-layout-requested=false, is-selected=false, layout-params=android.widget.RadioGroup$LayoutParams&#64;b2e85fe, tag=null, root-is-layout-requested=false, has-input-connection=false, x=0.0, y=916.0, text=Spicy Black Bean Skillet, input-type=0, ime-target=false, has-links=false, is-checked=false}
|
+-----------&gt;MaterialTextView{id=2131231176, res-name=skillet_description, visibility=VISIBLE, width=990, height=88, has-focus=false, has-focusable=false, has-window-focus=true, is-clickable=false, is-enabled=true, is-focused=false, is-focusable=false, is-layout-requested=false, is-selected=false, layout-params=android.widget.RadioGroup$LayoutParams&#64;16a15f, tag=null, root-is-layout-requested=false, has-input-connection=false, x=0.0, y=1051.0, text=Seasonal vegetables, black beans, house spice blend, served with avocado and quick pickled onions, input-type=0, ime-target=false, has-links=false}
|
+-----------&gt;MaterialTextView{id=2131231177, res-name=skillet_price, visibility=VISIBLE, width=136, height=70, has-focus=false, has-focusable=false, has-window-focus=true, is-clickable=false, is-enabled=true, is-focused=false, is-focusable=false, is-layout-requested=false, is-selected=false, layout-params=android.widget.RadioGroup$LayoutParams&#64;d47d7ac, tag=null, root-is-layout-requested=false, has-input-connection=false, x=0.0, y=1139.0, text=₹5.50, input-type=0, ime-target=false, has-links=false}
|
+----------&gt;View{id=2131230910, res-name=divider, visibility=VISIBLE, width=990, height=3, has-focus=false, has-focusable=false, has-window-focus=true, is-clickable=false, is-enabled=true, is-focused=false, is-focusable=false, is-layout-requested=false, is-selected=false, layout-params=androidx.constraintlayout.widget.ConstraintLayout$LayoutParams&#64;6556c75, tag=null, root-is-layout-requested=false, has-input-connection=false, x=45.0, y=1232.0}
|
+----------&gt;MaterialTextView{id=2131231217, res-name=subtotal, visibility=VISIBLE, width=279, height=55, has-focus=false, has-focusable=false, has-window-focus=true, is-clickable=false, is-enabled=true, is-focused=false, is-focusable=false, is-layout-requested=false, is-selected=false, layout-params=androidx.constraintlayout.widget.ConstraintLayout$LayoutParams&#64;e9040a, tag=null, root-is-layout-requested=false, has-input-connection=false, x=756.0, y=1280.0, text=Subtotal: ₹0.00, input-type=0, ime-target=false, has-links=false}
|
+----------&gt;MaterialButton{id=2131230842, res-name=cancel_button, visibility=VISIBLE, width=473, height=135, has-focus=false, has-focusable=true, has-window-focus=true, is-clickable=true, is-enabled=true, is-focused=false, is-focusable=true, is-layout-requested=false, is-selected=false, layout-params=androidx.constraintlayout.widget.ConstraintLayout$LayoutParams&#64;c2df47b, tag=null, root-is-layout-requested=false, has-input-connection=false, x=45.0, y=1380.0, text=Cancel, input-type=0, ime-target=false, has-links=false, is-checked=false}
|
+----------&gt;MaterialButton{id=2131231081, res-name=next_button, visibility=VISIBLE, width=472, height=135, has-focus=false, has-focusable=true, has-window-focus=true, is-clickable=true, is-enabled=true, is-focused=false, is-focusable=true, is-layout-requested=false, is-selected=false, layout-params=androidx.constraintlayout.widget.ConstraintLayout$LayoutParams&#64;230c298, tag=null, root-is-layout-requested=false, has-input-connection=false, x=563.0, y=1380.0, text=Next, input-type=0, ime-target=false, has-links=false, is-checked=false}
|
+----&gt;ActionBarContainer{id=2131230780, res-name=action_bar_container, visibility=VISIBLE, width=1080, height=158, has-focus=false, has-focusable=false, has-window-focus=true, is-clickable=false, is-enabled=true, is-focused=false, is-focusable=false, is-layout-requested=false, is-selected=false, layout-params=androidx.appcompat.widget.ActionBarOverlayLayout$LayoutParams&#64;69d5d57, tag=null, root-is-layout-requested=false, has-input-connection=false, x=0.0, y=0.0, child-count=2}
|
+-----&gt;Toolbar{id=2131230778, res-name=action_bar, visibility=VISIBLE, width=1080, height=158, has-focus=false, has-focusable=false, has-window-focus=true, is-clickable=false, is-enabled=true, is-focused=false, is-focusable=false, is-layout-requested=false, is-selected=false, layout-params=android.widget.FrameLayout$LayoutParams&#64;a3077f3, tag=null, root-is-layout-requested=false, has-input-connection=false, x=0.0, y=0.0, child-count=3}
|
+------&gt;AppCompatTextView{id=-1, visibility=VISIBLE, width=598, height=75, has-focus=false, has-focusable=false, has-window-focus=true, is-clickable=false, is-enabled=true, is-focused=false, is-focusable=false, is-layout-requested=false, is-selected=false, layout-params=androidx.appcompat.widget.Toolbar$LayoutParams&#64;4214cb0, tag=null, root-is-layout-requested=false, has-input-connection=false, x=202.0, y=41.0, text=fragment_entree_menu, input-type=0, ime-target=false, has-links=false}
|
+------&gt;ActionMenuView{id=-1, visibility=VISIBLE, width=0, height=158, has-focus=false, has-focusable=false, has-window-focus=true, is-clickable=false, is-enabled=true, is-focused=false, is-focusable=false, is-layout-requested=false, is-selected=false, layout-params=androidx.appcompat.widget.Toolbar$LayoutParams&#64;7ab7729, tag=null, root-is-layout-requested=false, has-input-connection=false, x=1080.0, y=0.0, child-count=0}
|
+------&gt;AppCompatImageButton{id=-1, desc=Navigate up, visibility=VISIBLE, width=158, height=158, has-focus=false, has-focusable=false, has-window-focus=true, is-clickable=true, is-enabled=true, is-focused=false, is-focusable=true, is-layout-requested=false, is-selected=false, layout-params=androidx.appcompat.widget.Toolbar$LayoutParams&#64;5066aae, tag=null, root-is-layout-requested=false, has-input-connection=false, x=0.0, y=0.0}
|
+-----&gt;ActionBarContextView{id=2131230787, res-name=action_context_bar, visibility=GONE, width=0, height=0, has-focus=false, has-focusable=false, has-window-focus=true, is-clickable=false, is-enabled=true, is-focused=false, is-focusable=false, is-layout-requested=true, is-selected=false, layout-params=android.widget.FrameLayout$LayoutParams&#64;8d0a04f, tag=null, root-is-layout-requested=false, has-input-connection=false, x=0.0, y=0.0, child-count=0}
|
+-&gt;View{id=16908336, res-name=navigationBarBackground, visibility=VISIBLE, width=1080, height=42, has-focus=false, has-focusable=false, has-window-focus=true, is-clickable=false, is-enabled=true, is-focused=false, is-focusable=false, is-layout-requested=false, is-selected=false, layout-params=android.widget.FrameLayout$LayoutParams&#64;dc683dc, tag=null, root-is-layout-requested=false, has-input-connection=false, x=0.0, y=2366.0}
|
+-&gt;View{id=16908335, res-name=statusBarBackground, visibility=VISIBLE, width=1080, height=66, has-focus=false, has-focusable=false, has-window-focus=true, is-clickable=false, is-enabled=true, is-focused=false, is-focusable=false, is-layout-requested=false, is-selected=false, layout-params=android.widget.FrameLayout$LayoutParams&#64;1db5ce5, tag=null, root-is-layout-requested=false, has-input-connection=false, x=0.0, y=0.0}
at dalvik.system.VMStack.getThreadStackTrace(Native Method)
at java.lang.Thread.getStackTrace(Thread.java:1724)
at androidx.test.espresso.base.DefaultFailureHandler.getUserFriendlyError(DefaultFailureHandler.java:12)
at androidx.test.espresso.base.DefaultFailureHandler.handle(DefaultFailureHandler.java:7)
at androidx.test.espresso.ViewInteraction.waitForAndHandleInteractionResults(ViewInteraction.java:8)
at androidx.test.espresso.ViewInteraction.check(ViewInteraction.java:12)
at com.example.lunchtray.OrderFunctionalityTests.order_reset_after_cancel_from_entree_menu(OrderFunctionalityTests.kt:198)</failure>
  </testcase>
  <testcase name="subtotal_tax_total_in_checkout" classname="com.example.lunchtray.OrderFunctionalityTests" time="3.149">
    <failure>androidx.test.espresso.base.DefaultFailureHandler$AssertionFailedWithCauseError: 'an instance of android.widget.TextView and view.getText() with or without transformation to match: a string containing "Subtotal: $10.00"' doesn't match the selected view.
Expected: an instance of android.widget.TextView and view.getText() with or without transformation to match: a string containing "Subtotal: $10.00"
Got: view.getText() was "Subtotal: ₹10.00" transformed text was "Subtotal: ₹10.00"
View Details: MaterialTextView{id=2131231217, res-name=subtotal, visibility=VISIBLE, width=301, height=55, has-focus=false, has-focusable=false, has-window-focus=true, is-clickable=false, is-enabled=true, is-focused=false, is-focusable=false, is-layout-requested=false, is-selected=false, layout-params=androidx.constraintlayout.widget.ConstraintLayout$LayoutParams&#64;438ffc7, tag=null, root-is-layout-requested=false, has-input-connection=false, x=734.0, y=369.0, text=Subtotal: ₹10.00, input-type=0, ime-target=false, has-links=false}

at dalvik.system.VMStack.getThreadStackTrace(Native Method)
at java.lang.Thread.getStackTrace(Thread.java:1724)
at androidx.test.espresso.base.DefaultFailureHandler.getUserFriendlyError(DefaultFailureHandler.java:12)
at androidx.test.espresso.base.DefaultFailureHandler.handle(DefaultFailureHandler.java:7)
at androidx.test.espresso.ViewInteraction.waitForAndHandleInteractionResults(ViewInteraction.java:5)
at androidx.test.espresso.ViewInteraction.check(ViewInteraction.java:12)
at com.example.lunchtray.OrderFunctionalityTests.subtotal_tax_total_in_checkout(OrderFunctionalityTests.kt:173)
... 27 trimmed
Caused by: junit.framework.AssertionFailedError: 'an instance of android.widget.TextView and view.getText() with or without transformation to match: a string containing "Subtotal: $10.00"' doesn't match the selected view.
Expected: an instance of android.widget.TextView and view.getText() with or without transformation to match: a string containing "Subtotal: $10.00"
Got: view.getText() was "Subtotal: ₹10.00" transformed text was "Subtotal: ₹10.00"
View Details: MaterialTextView{id=2131231217, res-name=subtotal, visibility=VISIBLE, width=301, height=55, has-focus=false, has-focusable=false, has-window-focus=true, is-clickable=false, is-enabled=true, is-focused=false, is-focusable=false, is-layout-requested=false, is-selected=false, layout-params=androidx.constraintlayout.widget.ConstraintLayout$LayoutParams&#64;438ffc7, tag=null, root-is-layout-requested=false, has-input-connection=false, x=734.0, y=369.0, text=Subtotal: ₹10.00, input-type=0, ime-target=false, has-links=false}

at androidx.test.espresso.matcher.ViewMatchers.assertThat(ViewMatchers.java:16)
at androidx.test.espresso.assertion.ViewAssertions$MatchesViewAssertion.check(ViewAssertions.java:11)
at androidx.test.espresso.ViewInteraction$SingleExecutionViewAssertion.check(ViewInteraction.java:2)
at androidx.test.espresso.ViewInteraction$2.call(ViewInteraction.java:12)
at androidx.test.espresso.ViewInteraction$2.call(ViewInteraction.java:1)
at java.util.concurrent.FutureTask.run(FutureTask.java:266)
at android.os.Handler.handleCallback(Handler.java:938)
at android.os.Handler.dispatchMessage(Handler.java:99)
at android.os.Looper.loopOnce(Looper.java:226)
at android.os.Looper.loop(Looper.java:313)
at android.app.ActivityThread.main(ActivityThread.java:8669)
at java.lang.reflect.Method.invoke(Native Method)
at com.android.internal.os.RuntimeInit$MethodAndArgsCaller.run(RuntimeInit.java:571)
at com.android.internal.os.ZygoteInit.main(ZygoteInit.java:1135)</failure>
  </testcase>
  <testcase name="radio_buttons_update_accompaniment_menu_subtotal" classname="com.example.lunchtray.OrderFunctionalityTests" time="0.896">
    <failure>androidx.test.espresso.base.DefaultFailureHandler$AssertionFailedWithCauseError: 'an instance of android.widget.TextView and view.getText() with or without transformation to match: a string containing "Subtotal: $0.50"' doesn't match the selected view.
Expected: an instance of android.widget.TextView and view.getText() with or without transformation to match: a string containing "Subtotal: $0.50"
Got: view.getText() was "Subtotal: ₹0.50"
View Details: TextView{id=2131231217, res-name=subtotal, visibility=VISIBLE, width=279, height=55, has-focus=false, has-focusable=false, has-window-focus=true, is-clickable=false, is-enabled=true, is-focused=false, is-focusable=false, is-layout-requested=false, is-selected=false, layout-params=androidx.constraintlayout.widget.ConstraintLayout$LayoutParams&#64;681b8f8, tag=null, root-is-layout-requested=false, has-input-connection=false, x=756.0, y=744.0, text=Subtotal: ₹0.50, input-type=0, ime-target=false, has-links=false}

at dalvik.system.VMStack.getThreadStackTrace(Native Method)
at java.lang.Thread.getStackTrace(Thread.java:1724)
at androidx.test.espresso.base.DefaultFailureHandler.getUserFriendlyError(DefaultFailureHandler.java:12)
at androidx.test.espresso.base.DefaultFailureHandler.handle(DefaultFailureHandler.java:7)
at androidx.test.espresso.ViewInteraction.waitForAndHandleInteractionResults(ViewInteraction.java:5)
at androidx.test.espresso.ViewInteraction.check(ViewInteraction.java:12)
at com.example.lunchtray.OrderFunctionalityTests.radio_buttons_update_accompaniment_menu_subtotal(OrderFunctionalityTests.kt:116)
... 27 trimmed
Caused by: junit.framework.AssertionFailedError: 'an instance of android.widget.TextView and view.getText() with or without transformation to match: a string containing "Subtotal: $0.50"' doesn't match the selected view.
Expected: an instance of android.widget.TextView and view.getText() with or without transformation to match: a string containing "Subtotal: $0.50"
Got: view.getText() was "Subtotal: ₹0.50"
View Details: TextView{id=2131231217, res-name=subtotal, visibility=VISIBLE, width=279, height=55, has-focus=false, has-focusable=false, has-window-focus=true, is-clickable=false, is-enabled=true, is-focused=false, is-focusable=false, is-layout-requested=false, is-selected=false, layout-params=androidx.constraintlayout.widget.ConstraintLayout$LayoutParams&#64;681b8f8, tag=null, root-is-layout-requested=false, has-input-connection=false, x=756.0, y=744.0, text=Subtotal: ₹0.50, input-type=0, ime-target=false, has-links=false}

at androidx.test.espresso.matcher.ViewMatchers.assertThat(ViewMatchers.java:16)
at androidx.test.espresso.assertion.ViewAssertions$MatchesViewAssertion.check(ViewAssertions.java:11)
at androidx.test.espresso.ViewInteraction$SingleExecutionViewAssertion.check(ViewInteraction.java:2)
at androidx.test.espresso.ViewInteraction$2.call(ViewInteraction.java:12)
at androidx.test.espresso.ViewInteraction$2.call(ViewInteraction.java:1)
at java.util.concurrent.FutureTask.run(FutureTask.java:266)
at android.os.Handler.handleCallback(Handler.java:938)
at android.os.Handler.dispatchMessage(Handler.java:99)
at android.os.Looper.loopOnce(Looper.java:226)
at android.os.Looper.loop(Looper.java:313)
at android.app.ActivityThread.main(ActivityThread.java:8669)
at java.lang.reflect.Method.invoke(Native Method)
at com.android.internal.os.RuntimeInit$MethodAndArgsCaller.run(RuntimeInit.java:571)
at com.android.internal.os.ZygoteInit.main(ZygoteInit.java:1135)</failure>
  </testcase>
  <testcase name="order_reset_after_cancel_from_side_menu" classname="com.example.lunchtray.OrderFunctionalityTests" time="2.842">
    <failure>androidx.test.espresso.NoMatchingViewException: No views in hierarchy found matching: an instance of android.widget.TextView and view.getText() with or without transformation to match: is "Subtotal: $0.00"

View Hierarchy:
+&gt;DecorView{id=-1, visibility=VISIBLE, width=1080, height=2408, has-focus=false, has-focusable=true, has-window-focus=true, is-clickable=false, is-enabled=true, is-focused=false, is-focusable=false, is-layout-requested=false, is-selected=false, layout-params={(0,0)(fillxfill) ty=BASE_APPLICATION wanim=0x1030303
fl=81810100
pfl=10020040
bhv=DEFAULT
fitSides= naviIconColor=0}, tag=null, root-is-layout-requested=false, has-input-connection=false, x=0.0, y=0.0, child-count=3}
|
+-&gt;LinearLayout{id=-1, visibility=VISIBLE, width=1080, height=2366, has-focus=false, has-focusable=true, has-window-focus=true, is-clickable=false, is-enabled=true, is-focused=false, is-focusable=false, is-layout-requested=false, is-selected=false, layout-params=android.widget.FrameLayout$LayoutParams&#64;448c798, tag=null, root-is-layout-requested=false, has-input-connection=false, x=0.0, y=0.0, child-count=2}
|
+--&gt;ViewStub{id=16908722, res-name=action_mode_bar_stub, visibility=GONE, width=0, height=0, has-focus=false, has-focusable=false, has-window-focus=true, is-clickable=false, is-enabled=true, is-focused=false, is-focusable=false, is-layout-requested=true, is-selected=false, layout-params=android.widget.LinearLayout$LayoutParams&#64;75d7bf1, tag=null, root-is-layout-requested=false, has-input-connection=false, x=0.0, y=0.0}
|
+--&gt;FrameLayout{id=-1, visibility=VISIBLE, width=1080, height=2300, has-focus=false, has-focusable=true, has-window-focus=true, is-clickable=false, is-enabled=true, is-focused=false, is-focusable=false, is-layout-requested=false, is-selected=false, layout-params=android.widget.LinearLayout$LayoutParams&#64;644e657, tag=null, root-is-layout-requested=false, has-input-connection=false, x=0.0, y=66.0, child-count=1}
|
+---&gt;ActionBarOverlayLayout{id=2131230893, res-name=decor_content_parent, visibility=VISIBLE, width=1080, height=2300, has-focus=false, has-focusable=true, has-window-focus=true, is-clickable=false, is-enabled=true, is-focused=false, is-focusable=false, is-layout-requested=false, is-selected=false, layout-params=android.widget.FrameLayout$LayoutParams&#64;75de762, tag=null, root-is-layout-requested=false, has-input-connection=false, x=0.0, y=0.0, child-count=2}
|
+----&gt;ContentFrameLayout{id=16908290, res-name=content, visibility=VISIBLE, width=1080, height=2142, has-focus=false, has-focusable=true, has-window-focus=true, is-clickable=false, is-enabled=true, is-focused=false, is-focusable=false, is-layout-requested=false, is-selected=false, layout-params=androidx.appcompat.widget.ActionBarOverlayLayout$LayoutParams&#64;694f1b0, tag=null, root-is-layout-requested=false, has-input-connection=false, x=0.0, y=158.0, child-count=1}
|
+-----&gt;ConstraintLayout{id=2131230877, res-name=container, visibility=VISIBLE, width=1080, height=2142, has-focus=false, has-focusable=true, has-window-focus=true, is-clickable=false, is-enabled=true, is-focused=false, is-focusable=false, is-layout-requested=false, is-selected=false, layout-params=android.widget.FrameLayout$LayoutParams&#64;1b717ae, tag=null, root-is-layout-requested=false, has-input-connection=false, x=0.0, y=0.0, child-count=1}
|
+------&gt;FragmentContainerView{id=2131231069, res-name=nav_host_fragment, visibility=VISIBLE, width=1080, height=2142, has-focus=false, has-focusable=true, has-window-focus=true, is-clickable=false, is-enabled=true, is-focused=false, is-focusable=false, is-layout-requested=false, is-selected=false, layout-params=androidx.constraintlayout.widget.ConstraintLayout$LayoutParams&#64;44f78dc, tag=null, root-is-layout-requested=false, has-input-connection=false, x=0.0, y=0.0, child-count=1}
|
+-------&gt;FragmentContainerView{id=2131231069, res-name=nav_host_fragment, visibility=VISIBLE, width=1080, height=2142, has-focus=false, has-focusable=true, has-window-focus=true, is-clickable=false, is-enabled=true, is-focused=false, is-focusable=false, is-layout-requested=false, is-selected=false, layout-params=android.widget.FrameLayout$LayoutParams&#64;a6100ba, tag=null, root-is-layout-requested=false, has-input-connection=false, x=0.0, y=0.0, child-count=1}
|
+--------&gt;ScrollView{id=-1, visibility=VISIBLE, width=1080, height=1560, has-focus=false, has-focusable=true, has-window-focus=true, is-clickable=false, is-enabled=true, is-focused=false, is-focusable=true, is-layout-requested=false, is-selected=false, layout-params=android.widget.FrameLayout$LayoutParams&#64;9c946c8, tag=null, root-is-layout-requested=false, has-input-connection=false, x=0.0, y=0.0, child-count=1}
|
+---------&gt;ConstraintLayout{id=-1, visibility=VISIBLE, width=1080, height=1560, has-focus=false, has-focusable=true, has-window-focus=true, is-clickable=false, is-enabled=true, is-focused=false, is-focusable=false, is-layout-requested=false, is-selected=false, layout-params=android.widget.FrameLayout$LayoutParams&#64;9d2ed12, tag=null, root-is-layout-requested=false, has-input-connection=false, x=0.0, y=0.0, child-count=5}
|
+----------&gt;RadioGroup{id=2131230936, res-name=entree_options, visibility=VISIBLE, width=990, height=1209, has-focus=false, has-focusable=true, has-window-focus=true, is-clickable=false, is-enabled=true, is-focused=false, is-focusable=false, is-layout-requested=false, is-selected=false, layout-params=androidx.constraintlayout.widget.ConstraintLayout$LayoutParams&#64;a2cbec2, tag=null, root-is-layout-requested=false, has-input-connection=false, x=45.0, y=0.0, child-count=15}
|
+-----------&gt;MaterialRadioButton{id=2131230844, res-name=cauliflower, visibility=VISIBLE, width=313, height=135, has-focus=false, has-focusable=true, has-window-focus=true, is-clickable=true, is-enabled=true, is-focused=false, is-focusable=true, is-layout-requested=false, is-selected=false, layout-params=android.widget.RadioGroup$LayoutParams&#64;33884d3, tag=null, root-is-layout-requested=false, has-input-connection=false, x=0.0, y=0.0, text=Cauliflower, input-type=0, ime-target=false, has-links=false, is-checked=false}
|
+-----------&gt;MaterialTextView{id=2131230845, res-name=cauliflower_description, visibility=VISIBLE, width=844, height=47, has-focus=false, has-focusable=false, has-window-focus=true, is-clickable=false, is-enabled=true, is-focused=false, is-focusable=false, is-layout-requested=false, is-selected=false, layout-params=android.widget.RadioGroup$LayoutParams&#64;5bb0810, tag=null, root-is-layout-requested=false, has-input-connection=false, x=0.0, y=135.0, text=Whole cauliflower, brined, roasted, and deep fried, input-type=0, ime-target=false, has-links=false}
|
+-----------&gt;MaterialTextView{id=2131230846, res-name=cauliflower_price, visibility=VISIBLE, width=136, height=70, has-focus=false, has-focusable=false, has-window-focus=true, is-clickable=false, is-enabled=true, is-focused=false, is-focusable=false, is-layout-requested=false, is-selected=false, layout-params=android.widget.RadioGroup$LayoutParams&#64;9777f09, tag=null, root-is-layout-requested=false, has-input-connection=false, x=0.0, y=182.0, text=₹7.00, input-type=0, ime-target=false, has-links=false}
|
+-----------&gt;View{id=-1, visibility=VISIBLE, width=990, height=3, has-focus=false, has-focusable=false, has-window-focus=true, is-clickable=false, is-enabled=true, is-focused=false, is-focusable=false, is-layout-requested=false, is-selected=false, layout-params=android.widget.RadioGroup$LayoutParams&#64;a8c050e, tag=null, root-is-layout-requested=false, has-input-connection=false, x=0.0, y=275.0}
|
+-----------&gt;MaterialRadioButton{id=2131230858, res-name=chili, visibility=VISIBLE, width=406, height=135, has-focus=false, has-focusable=true, has-window-focus=true, is-clickable=true, is-enabled=true, is-focused=false, is-focusable=true, is-layout-requested=false, is-selected=false, layout-params=android.widget.RadioGroup$LayoutParams&#64;dfc9b2f, tag=null, root-is-layout-requested=false, has-input-connection=false, x=0.0, y=278.0, text=Three Bean Chili, input-type=0, ime-target=false, has-links=false, is-checked=false}
|
+-----------&gt;MaterialTextView{id=2131230859, res-name=chili_description, visibility=VISIBLE, width=990, height=88, has-focus=false, has-focusable=false, has-window-focus=true, is-clickable=false, is-enabled=true, is-focused=false, is-focusable=false, is-layout-requested=false, is-selected=false, layout-params=android.widget.RadioGroup$LayoutParams&#64;130953c, tag=null, root-is-layout-requested=false, has-input-connection=false, x=0.0, y=413.0, text=Black beans, red beans, kidney beans, slow cooked, topped with onion, input-type=0, ime-target=false, has-links=false}
|
+-----------&gt;MaterialTextView{id=2131230860, res-name=chili_price, visibility=VISIBLE, width=136, height=70, has-focus=false, has-focusable=false, has-window-focus=true, is-clickable=false, is-enabled=true, is-focused=false, is-focusable=false, is-layout-requested=false, is-selected=false, layout-params=android.widget.RadioGroup$LayoutParams&#64;79002c5, tag=null, root-is-layout-requested=false, has-input-connection=false, x=0.0, y=501.0, text=₹4.00, input-type=0, ime-target=false, has-links=false}
|
+-----------&gt;View{id=-1, visibility=VISIBLE, width=990, height=3, has-focus=false, has-focusable=false, has-window-focus=true, is-clickable=false, is-enabled=true, is-focused=false, is-focusable=false, is-layout-requested=false, is-selected=false, layout-params=android.widget.RadioGroup$LayoutParams&#64;287641a, tag=null, root-is-layout-requested=false, has-input-connection=false, x=0.0, y=594.0}
|
+-----------&gt;MaterialRadioButton{id=2131231106, res-name=pasta, visibility=VISIBLE, width=410, height=135, has-focus=false, has-focusable=true, has-window-focus=true, is-clickable=true, is-enabled=true, is-focused=false, is-focusable=true, is-layout-requested=false, is-selected=false, layout-params=android.widget.RadioGroup$LayoutParams&#64;a41bb4b, tag=null, root-is-layout-requested=false, has-input-connection=false, x=0.0, y=597.0, text=Mushroom Pasta, input-type=0, ime-target=false, has-links=false, is-checked=false}
|
+-----------&gt;MaterialTextView{id=2131231107, res-name=pasta_description, visibility=VISIBLE, width=990, height=88, has-focus=false, has-focusable=false, has-window-focus=true, is-clickable=false, is-enabled=true, is-focused=false, is-focusable=false, is-layout-requested=false, is-selected=false, layout-params=android.widget.RadioGroup$LayoutParams&#64;c0fc928, tag=null, root-is-layout-requested=false, has-input-connection=false, x=0.0, y=732.0, text=Penne pasta, mushrooms, basil, with plum tomatoes cooked in garlic and olive oil, input-type=0, ime-target=false, has-links=false}
|
+-----------&gt;MaterialTextView{id=2131231108, res-name=pasta_price, visibility=VISIBLE, width=136, height=70, has-focus=false, has-focusable=false, has-window-focus=true, is-clickable=false, is-enabled=true, is-focused=false, is-focusable=false, is-layout-requested=false, is-selected=false, layout-params=android.widget.RadioGroup$LayoutParams&#64;ef30641, tag=null, root-is-layout-requested=false, has-input-connection=false, x=0.0, y=820.0, text=₹5.50, input-type=0, ime-target=false, has-links=false}
|
+-----------&gt;View{id=-1, visibility=VISIBLE, width=990, height=3, has-focus=false, has-focusable=false, has-window-focus=true, is-clickable=false, is-enabled=true, is-focused=false, is-focusable=false, is-layout-requested=false, is-selected=false, layout-params=android.widget.RadioGroup$LayoutParams&#64;a7a7e6, tag=null, root-is-layout-requested=false, has-input-connection=false, x=0.0, y=913.0}
|
+-----------&gt;MaterialRadioButton{id=2131231175, res-name=skillet, visibility=VISIBLE, width=552, height=135, has-focus=false, has-focusable=true, has-window-focus=true, is-clickable=true, is-enabled=true, is-focused=false, is-focusable=true, is-layout-requested=false, is-selected=false, layout-params=android.widget.RadioGroup$LayoutParams&#64;e6ec127, tag=null, root-is-layout-requested=false, has-input-connection=false, x=0.0, y=916.0, text=Spicy Black Bean Skillet, input-type=0, ime-target=false, has-links=false, is-checked=false}
|
+-----------&gt;MaterialTextView{id=2131231176, res-name=skillet_description, visibility=VISIBLE, width=990, height=88, has-focus=false, has-focusable=false, has-window-focus=true, is-clickable=false, is-enabled=true, is-focused=false, is-focusable=false, is-layout-requested=false, is-selected=false, layout-params=android.widget.RadioGroup$LayoutParams&#64;f2c4fd4, tag=null, root-is-layout-requested=false, has-input-connection=false, x=0.0, y=1051.0, text=Seasonal vegetables, black beans, house spice blend, served with avocado and quick pickled onions, input-type=0, ime-target=false, has-links=false}
|
+-----------&gt;MaterialTextView{id=2131231177, res-name=skillet_price, visibility=VISIBLE, width=136, height=70, has-focus=false, has-focusable=false, has-window-focus=true, is-clickable=false, is-enabled=true, is-focused=false, is-focusable=false, is-layout-requested=false, is-selected=false, layout-params=android.widget.RadioGroup$LayoutParams&#64;828c57d, tag=null, root-is-layout-requested=false, has-input-connection=false, x=0.0, y=1139.0, text=₹5.50, input-type=0, ime-target=false, has-links=false}
|
+----------&gt;View{id=2131230910, res-name=divider, visibility=VISIBLE, width=990, height=3, has-focus=false, has-focusable=false, has-window-focus=true, is-clickable=false, is-enabled=true, is-focused=false, is-focusable=false, is-layout-requested=false, is-selected=false, layout-params=androidx.constraintlayout.widget.ConstraintLayout$LayoutParams&#64;1365c72, tag=null, root-is-layout-requested=false, has-input-connection=false, x=45.0, y=1232.0}
|
+----------&gt;MaterialTextView{id=2131231217, res-name=subtotal, visibility=VISIBLE, width=279, height=55, has-focus=false, has-focusable=false, has-window-focus=true, is-clickable=false, is-enabled=true, is-focused=false, is-focusable=false, is-layout-requested=false, is-selected=false, layout-params=androidx.constraintlayout.widget.ConstraintLayout$LayoutParams&#64;67c48c3, tag=null, root-is-layout-requested=false, has-input-connection=false, x=756.0, y=1280.0, text=Subtotal: ₹0.00, input-type=0, ime-target=false, has-links=false}
|
+----------&gt;MaterialButton{id=2131230842, res-name=cancel_button, visibility=VISIBLE, width=473, height=135, has-focus=false, has-focusable=true, has-window-focus=true, is-clickable=true, is-enabled=true, is-focused=false, is-focusable=true, is-layout-requested=false, is-selected=false, layout-params=androidx.constraintlayout.widget.ConstraintLayout$LayoutParams&#64;ae89540, tag=null, root-is-layout-requested=false, has-input-connection=false, x=45.0, y=1380.0, text=Cancel, input-type=0, ime-target=false, has-links=false, is-checked=false}
|
+----------&gt;MaterialButton{id=2131231081, res-name=next_button, visibility=VISIBLE, width=472, height=135, has-focus=false, has-focusable=true, has-window-focus=true, is-clickable=true, is-enabled=true, is-focused=false, is-focusable=true, is-layout-requested=false, is-selected=false, layout-params=androidx.constraintlayout.widget.ConstraintLayout$LayoutParams&#64;2013c79, tag=null, root-is-layout-requested=false, has-input-connection=false, x=563.0, y=1380.0, text=Next, input-type=0, ime-target=false, has-links=false, is-checked=false}
|
+----&gt;ActionBarContainer{id=2131230780, res-name=action_bar_container, visibility=VISIBLE, width=1080, height=158, has-focus=false, has-focusable=false, has-window-focus=true, is-clickable=false, is-enabled=true, is-focused=false, is-focusable=false, is-layout-requested=false, is-selected=false, layout-params=androidx.appcompat.widget.ActionBarOverlayLayout$LayoutParams&#64;161c56c, tag=null, root-is-layout-requested=false, has-input-connection=false, x=0.0, y=0.0, child-count=2}
|
+-----&gt;Toolbar{id=2131230778, res-name=action_bar, visibility=VISIBLE, width=1080, height=158, has-focus=false, has-focusable=false, has-window-focus=true, is-clickable=false, is-enabled=true, is-focused=false, is-focusable=false, is-layout-requested=false, is-selected=false, layout-params=android.widget.FrameLayout$LayoutParams&#64;75bcc58, tag=null, root-is-layout-requested=false, has-input-connection=false, x=0.0, y=0.0, child-count=3}
|
+------&gt;AppCompatTextView{id=-1, visibility=VISIBLE, width=598, height=75, has-focus=false, has-focusable=false, has-window-focus=true, is-clickable=false, is-enabled=true, is-focused=false, is-focusable=false, is-layout-requested=false, is-selected=false, layout-params=androidx.appcompat.widget.Toolbar$LayoutParams&#64;e6901b1, tag=null, root-is-layout-requested=false, has-input-connection=false, x=202.0, y=41.0, text=fragment_entree_menu, input-type=0, ime-target=false, has-links=false}
|
+------&gt;ActionMenuView{id=-1, visibility=VISIBLE, width=0, height=158, has-focus=false, has-focusable=false, has-window-focus=true, is-clickable=false, is-enabled=true, is-focused=false, is-focusable=false, is-layout-requested=false, is-selected=false, layout-params=androidx.appcompat.widget.Toolbar$LayoutParams&#64;11fd696, tag=null, root-is-layout-requested=false, has-input-connection=false, x=1080.0, y=0.0, child-count=0}
|
+------&gt;AppCompatImageButton{id=-1, desc=Navigate up, visibility=VISIBLE, width=158, height=158, has-focus=false, has-focusable=false, has-window-focus=true, is-clickable=true, is-enabled=true, is-focused=false, is-focusable=true, is-layout-requested=false, is-selected=false, layout-params=androidx.appcompat.widget.Toolbar$LayoutParams&#64;bf44217, tag=null, root-is-layout-requested=false, has-input-connection=false, x=0.0, y=0.0}
|
+-----&gt;ActionBarContextView{id=2131230787, res-name=action_context_bar, visibility=GONE, width=0, height=0, has-focus=false, has-focusable=false, has-window-focus=true, is-clickable=false, is-enabled=true, is-focused=false, is-focusable=false, is-layout-requested=true, is-selected=false, layout-params=android.widget.FrameLayout$LayoutParams&#64;7ed5604, tag=null, root-is-layout-requested=false, has-input-connection=false, x=0.0, y=0.0, child-count=0}
|
+-&gt;View{id=16908336, res-name=navigationBarBackground, visibility=VISIBLE, width=1080, height=42, has-focus=false, has-focusable=false, has-window-focus=true, is-clickable=false, is-enabled=true, is-focused=false, is-focusable=false, is-layout-requested=false, is-selected=false, layout-params=android.widget.FrameLayout$LayoutParams&#64;b5b07ed, tag=null, root-is-layout-requested=false, has-input-connection=false, x=0.0, y=2366.0}
|
+-&gt;View{id=16908335, res-name=statusBarBackground, visibility=VISIBLE, width=1080, height=66, has-focus=false, has-focusable=false, has-window-focus=true, is-clickable=false, is-enabled=true, is-focused=false, is-focusable=false, is-layout-requested=false, is-selected=false, layout-params=android.widget.FrameLayout$LayoutParams&#64;7ac622, tag=null, root-is-layout-requested=false, has-input-connection=false, x=0.0, y=0.0}
at dalvik.system.VMStack.getThreadStackTrace(Native Method)
at java.lang.Thread.getStackTrace(Thread.java:1724)
at androidx.test.espresso.base.DefaultFailureHandler.getUserFriendlyError(DefaultFailureHandler.java:12)
at androidx.test.espresso.base.DefaultFailureHandler.handle(DefaultFailureHandler.java:7)
at androidx.test.espresso.ViewInteraction.waitForAndHandleInteractionResults(ViewInteraction.java:8)
at androidx.test.espresso.ViewInteraction.check(ViewInteraction.java:12)
at com.example.lunchtray.OrderFunctionalityTests.order_reset_after_cancel_from_side_menu(OrderFunctionalityTests.kt:221)</failure>
  </testcase>
  <testcase name="radio_buttons_update_entree_menu_subtotal" classname="com.example.lunchtray.OrderFunctionalityTests" time="0.86">
    <failure>androidx.test.espresso.base.DefaultFailureHandler$AssertionFailedWithCauseError: 'an instance of android.widget.TextView and view.getText() with or without transformation to match: a string containing "Subtotal: $7.00"' doesn't match the selected view.
Expected: an instance of android.widget.TextView and view.getText() with or without transformation to match: a string containing "Subtotal: $7.00"
Got: view.getText() was "Subtotal: ₹7.00"
View Details: TextView{id=2131231217, res-name=subtotal, visibility=VISIBLE, width=279, height=55, has-focus=false, has-focusable=false, has-window-focus=true, is-clickable=false, is-enabled=true, is-focused=false, is-focusable=false, is-layout-requested=false, is-selected=false, layout-params=androidx.constraintlayout.widget.ConstraintLayout$LayoutParams&#64;492f808, tag=null, root-is-layout-requested=false, has-input-connection=false, x=756.0, y=1100.0, text=Subtotal: ₹7.00, input-type=0, ime-target=false, has-links=false}

at dalvik.system.VMStack.getThreadStackTrace(Native Method)
at java.lang.Thread.getStackTrace(Thread.java:1724)
at androidx.test.espresso.base.DefaultFailureHandler.getUserFriendlyError(DefaultFailureHandler.java:12)
at androidx.test.espresso.base.DefaultFailureHandler.handle(DefaultFailureHandler.java:7)
at androidx.test.espresso.ViewInteraction.waitForAndHandleInteractionResults(ViewInteraction.java:5)
at androidx.test.espresso.ViewInteraction.check(ViewInteraction.java:12)
at com.example.lunchtray.OrderFunctionalityTests.radio_buttons_update_entree_menu_subtotal(OrderFunctionalityTests.kt:52)
... 27 trimmed
Caused by: junit.framework.AssertionFailedError: 'an instance of android.widget.TextView and view.getText() with or without transformation to match: a string containing "Subtotal: $7.00"' doesn't match the selected view.
Expected: an instance of android.widget.TextView and view.getText() with or without transformation to match: a string containing "Subtotal: $7.00"
Got: view.getText() was "Subtotal: ₹7.00"
View Details: TextView{id=2131231217, res-name=subtotal, visibility=VISIBLE, width=279, height=55, has-focus=false, has-focusable=false, has-window-focus=true, is-clickable=false, is-enabled=true, is-focused=false, is-focusable=false, is-layout-requested=false, is-selected=false, layout-params=androidx.constraintlayout.widget.ConstraintLayout$LayoutParams&#64;492f808, tag=null, root-is-layout-requested=false, has-input-connection=false, x=756.0, y=1100.0, text=Subtotal: ₹7.00, input-type=0, ime-target=false, has-links=false}

at androidx.test.espresso.matcher.ViewMatchers.assertThat(ViewMatchers.java:16)
at androidx.test.espresso.assertion.ViewAssertions$MatchesViewAssertion.check(ViewAssertions.java:11)
at androidx.test.espresso.ViewInteraction$SingleExecutionViewAssertion.check(ViewInteraction.java:2)
at androidx.test.espresso.ViewInteraction$2.call(ViewInteraction.java:12)
at androidx.test.espresso.ViewInteraction$2.call(ViewInteraction.java:1)
at java.util.concurrent.FutureTask.run(FutureTask.java:266)
at android.os.Handler.handleCallback(Handler.java:938)
at android.os.Handler.dispatchMessage(Handler.java:99)
at android.os.Looper.loopOnce(Looper.java:226)
at android.os.Looper.loop(Looper.java:313)
at android.app.ActivityThread.main(ActivityThread.java:8669)
at java.lang.reflect.Method.invoke(Native Method)
at com.android.internal.os.RuntimeInit$MethodAndArgsCaller.run(RuntimeInit.java:571)
at com.android.internal.os.ZygoteInit.main(ZygoteInit.java:1135)</failure>
  </testcase>
  <testcase name="order_reset_after_cancel_from_checkout" classname="com.example.lunchtray.OrderFunctionalityTests" time="4.083">
    <failure>androidx.test.espresso.NoMatchingViewException: No views in hierarchy found matching: an instance of android.widget.TextView and view.getText() with or without transformation to match: is "Subtotal: $0.00"

View Hierarchy:
+&gt;DecorView{id=-1, visibility=VISIBLE, width=1080, height=2408, has-focus=false, has-focusable=true, has-window-focus=true, is-clickable=false, is-enabled=true, is-focused=false, is-focusable=false, is-layout-requested=false, is-selected=false, layout-params={(0,0)(fillxfill) ty=BASE_APPLICATION wanim=0x1030303
fl=81810100
pfl=10020040
bhv=DEFAULT
fitSides= naviIconColor=0}, tag=null, root-is-layout-requested=false, has-input-connection=false, x=0.0, y=0.0, child-count=3}
|
+-&gt;LinearLayout{id=-1, visibility=VISIBLE, width=1080, height=2366, has-focus=false, has-focusable=true, has-window-focus=true, is-clickable=false, is-enabled=true, is-focused=false, is-focusable=false, is-layout-requested=false, is-selected=false, layout-params=android.widget.FrameLayout$LayoutParams&#64;7767e47, tag=null, root-is-layout-requested=false, has-input-connection=false, x=0.0, y=0.0, child-count=2}
|
+--&gt;ViewStub{id=16908722, res-name=action_mode_bar_stub, visibility=GONE, width=0, height=0, has-focus=false, has-focusable=false, has-window-focus=true, is-clickable=false, is-enabled=true, is-focused=false, is-focusable=false, is-layout-requested=true, is-selected=false, layout-params=android.widget.LinearLayout$LayoutParams&#64;9d79674, tag=null, root-is-layout-requested=false, has-input-connection=false, x=0.0, y=0.0}
|
+--&gt;FrameLayout{id=-1, visibility=VISIBLE, width=1080, height=2300, has-focus=false, has-focusable=true, has-window-focus=true, is-clickable=false, is-enabled=true, is-focused=false, is-focusable=false, is-layout-requested=false, is-selected=false, layout-params=android.widget.LinearLayout$LayoutParams&#64;b329412, tag=null, root-is-layout-requested=false, has-input-connection=false, x=0.0, y=66.0, child-count=1}
|
+---&gt;ActionBarOverlayLayout{id=2131230893, res-name=decor_content_parent, visibility=VISIBLE, width=1080, height=2300, has-focus=false, has-focusable=true, has-window-focus=true, is-clickable=false, is-enabled=true, is-focused=false, is-focusable=false, is-layout-requested=false, is-selected=false, layout-params=android.widget.FrameLayout$LayoutParams&#64;34e1099, tag=null, root-is-layout-requested=false, has-input-connection=false, x=0.0, y=0.0, child-count=2}
|
+----&gt;ContentFrameLayout{id=16908290, res-name=content, visibility=VISIBLE, width=1080, height=2142, has-focus=false, has-focusable=true, has-window-focus=true, is-clickable=false, is-enabled=true, is-focused=false, is-focusable=false, is-layout-requested=false, is-selected=false, layout-params=androidx.appcompat.widget.ActionBarOverlayLayout$LayoutParams&#64;7aeef3f, tag=null, root-is-layout-requested=false, has-input-connection=false, x=0.0, y=158.0, child-count=1}
|
+-----&gt;ConstraintLayout{id=2131230877, res-name=container, visibility=VISIBLE, width=1080, height=2142, has-focus=false, has-focusable=true, has-window-focus=true, is-clickable=false, is-enabled=true, is-focused=false, is-focusable=false, is-layout-requested=false, is-selected=false, layout-params=android.widget.FrameLayout$LayoutParams&#64;a661d55, tag=null, root-is-layout-requested=false, has-input-connection=false, x=0.0, y=0.0, child-count=1}
|
+------&gt;FragmentContainerView{id=2131231069, res-name=nav_host_fragment, visibility=VISIBLE, width=1080, height=2142, has-focus=false, has-focusable=true, has-window-focus=true, is-clickable=false, is-enabled=true, is-focused=false, is-focusable=false, is-layout-requested=false, is-selected=false, layout-params=androidx.constraintlayout.widget.ConstraintLayout$LayoutParams&#64;f2d405b, tag=null, root-is-layout-requested=false, has-input-connection=false, x=0.0, y=0.0, child-count=1}
|
+-------&gt;FragmentContainerView{id=2131231069, res-name=nav_host_fragment, visibility=VISIBLE, width=1080, height=2142, has-focus=false, has-focusable=true, has-window-focus=true, is-clickable=false, is-enabled=true, is-focused=false, is-focusable=false, is-layout-requested=false, is-selected=false, layout-params=android.widget.FrameLayout$LayoutParams&#64;5b839d1, tag=null, root-is-layout-requested=false, has-input-connection=false, x=0.0, y=0.0, child-count=1}
|
+--------&gt;ScrollView{id=-1, visibility=VISIBLE, width=1080, height=1560, has-focus=false, has-focusable=true, has-window-focus=true, is-clickable=false, is-enabled=true, is-focused=false, is-focusable=true, is-layout-requested=false, is-selected=false, layout-params=android.widget.FrameLayout$LayoutParams&#64;7758737, tag=null, root-is-layout-requested=false, has-input-connection=false, x=0.0, y=0.0, child-count=1}
|
+---------&gt;ConstraintLayout{id=-1, visibility=VISIBLE, width=1080, height=1560, has-focus=false, has-focusable=true, has-window-focus=true, is-clickable=false, is-enabled=true, is-focused=false, is-focusable=false, is-layout-requested=false, is-selected=false, layout-params=android.widget.FrameLayout$LayoutParams&#64;ca75209, tag=null, root-is-layout-requested=false, has-input-connection=false, x=0.0, y=0.0, child-count=5}
|
+----------&gt;RadioGroup{id=2131230936, res-name=entree_options, visibility=VISIBLE, width=990, height=1209, has-focus=false, has-focusable=true, has-window-focus=true, is-clickable=false, is-enabled=true, is-focused=false, is-focusable=false, is-layout-requested=false, is-selected=false, layout-params=androidx.constraintlayout.widget.ConstraintLayout$LayoutParams&#64;64bcf79, tag=null, root-is-layout-requested=false, has-input-connection=false, x=45.0, y=0.0, child-count=15}
|
+-----------&gt;MaterialRadioButton{id=2131230844, res-name=cauliflower, visibility=VISIBLE, width=313, height=135, has-focus=false, has-focusable=true, has-window-focus=true, is-clickable=true, is-enabled=true, is-focused=false, is-focusable=true, is-layout-requested=false, is-selected=false, layout-params=android.widget.RadioGroup$LayoutParams&#64;81464be, tag=null, root-is-layout-requested=false, has-input-connection=false, x=0.0, y=0.0, text=Cauliflower, input-type=0, ime-target=false, has-links=false, is-checked=false}
|
+-----------&gt;MaterialTextView{id=2131230845, res-name=cauliflower_description, visibility=VISIBLE, width=844, height=47, has-focus=false, has-focusable=false, has-window-focus=true, is-clickable=false, is-enabled=true, is-focused=false, is-focusable=false, is-layout-requested=false, is-selected=false, layout-params=android.widget.RadioGroup$LayoutParams&#64;54f91f, tag=null, root-is-layout-requested=false, has-input-connection=false, x=0.0, y=135.0, text=Whole cauliflower, brined, roasted, and deep fried, input-type=0, ime-target=false, has-links=false}
|
+-----------&gt;MaterialTextView{id=2131230846, res-name=cauliflower_price, visibility=VISIBLE, width=136, height=70, has-focus=false, has-focusable=false, has-window-focus=true, is-clickable=false, is-enabled=true, is-focused=false, is-focusable=false, is-layout-requested=false, is-selected=false, layout-params=android.widget.RadioGroup$LayoutParams&#64;50fb46c, tag=null, root-is-layout-requested=false, has-input-connection=false, x=0.0, y=182.0, text=₹7.00, input-type=0, ime-target=false, has-links=false}
|
+-----------&gt;View{id=-1, visibility=VISIBLE, width=990, height=3, has-focus=false, has-focusable=false, has-window-focus=true, is-clickable=false, is-enabled=true, is-focused=false, is-focusable=false, is-layout-requested=false, is-selected=false, layout-params=android.widget.RadioGroup$LayoutParams&#64;830ea35, tag=null, root-is-layout-requested=false, has-input-connection=false, x=0.0, y=275.0}
|
+-----------&gt;MaterialRadioButton{id=2131230858, res-name=chili, visibility=VISIBLE, width=406, height=135, has-focus=false, has-focusable=true, has-window-focus=true, is-clickable=true, is-enabled=true, is-focused=false, is-focusable=true, is-layout-requested=false, is-selected=false, layout-params=android.widget.RadioGroup$LayoutParams&#64;e2e0eca, tag=null, root-is-layout-requested=false, has-input-connection=false, x=0.0, y=278.0, text=Three Bean Chili, input-type=0, ime-target=false, has-links=false, is-checked=false}
|
+-----------&gt;MaterialTextView{id=2131230859, res-name=chili_description, visibility=VISIBLE, width=990, height=88, has-focus=false, has-focusable=false, has-window-focus=true, is-clickable=false, is-enabled=true, is-focused=false, is-focusable=false, is-layout-requested=false, is-selected=false, layout-params=android.widget.RadioGroup$LayoutParams&#64;c5a083b, tag=null, root-is-layout-requested=false, has-input-connection=false, x=0.0, y=413.0, text=Black beans, red beans, kidney beans, slow cooked, topped with onion, input-type=0, ime-target=false, has-links=false}
|
+-----------&gt;MaterialTextView{id=2131230860, res-name=chili_price, visibility=VISIBLE, width=136, height=70, has-focus=false, has-focusable=false, has-window-focus=true, is-clickable=false, is-enabled=true, is-focused=false, is-focusable=false, is-layout-requested=false, is-selected=false, layout-params=android.widget.RadioGroup$LayoutParams&#64;979ab58, tag=null, root-is-layout-requested=false, has-input-connection=false, x=0.0, y=501.0, text=₹4.00, input-type=0, ime-target=false, has-links=false}
|
+-----------&gt;View{id=-1, visibility=VISIBLE, width=990, height=3, has-focus=false, has-focusable=false, has-window-focus=true, is-clickable=false, is-enabled=true, is-focused=false, is-focusable=false, is-layout-requested=false, is-selected=false, layout-params=android.widget.RadioGroup$LayoutParams&#64;912f4b1, tag=null, root-is-layout-requested=false, has-input-connection=false, x=0.0, y=594.0}
|
+-----------&gt;MaterialRadioButton{id=2131231106, res-name=pasta, visibility=VISIBLE, width=410, height=135, has-focus=false, has-focusable=true, has-window-focus=true, is-clickable=true, is-enabled=true, is-focused=false, is-focusable=true, is-layout-requested=false, is-selected=false, layout-params=android.widget.RadioGroup$LayoutParams&#64;5864d96, tag=null, root-is-layout-requested=false, has-input-connection=false, x=0.0, y=597.0, text=Mushroom Pasta, input-type=0, ime-target=false, has-links=false, is-checked=false}
|
+-----------&gt;MaterialTextView{id=2131231107, res-name=pasta_description, visibility=VISIBLE, width=990, height=88, has-focus=false, has-focusable=false, has-window-focus=true, is-clickable=false, is-enabled=true, is-focused=false, is-focusable=false, is-layout-requested=false, is-selected=false, layout-params=android.widget.RadioGroup$LayoutParams&#64;dd6ed17, tag=null, root-is-layout-requested=false, has-input-connection=false, x=0.0, y=732.0, text=Penne pasta, mushrooms, basil, with plum tomatoes cooked in garlic and olive oil, input-type=0, ime-target=false, has-links=false}
|
+-----------&gt;MaterialTextView{id=2131231108, res-name=pasta_price, visibility=VISIBLE, width=136, height=70, has-focus=false, has-focusable=false, has-window-focus=true, is-clickable=false, is-enabled=true, is-focused=false, is-focusable=false, is-layout-requested=false, is-selected=false, layout-params=android.widget.RadioGroup$LayoutParams&#64;78a2504, tag=null, root-is-layout-requested=false, has-input-connection=false, x=0.0, y=820.0, text=₹5.50, input-type=0, ime-target=false, has-links=false}
|
+-----------&gt;View{id=-1, visibility=VISIBLE, width=990, height=3, has-focus=false, has-focusable=false, has-window-focus=true, is-clickable=false, is-enabled=true, is-focused=false, is-focusable=false, is-layout-requested=false, is-selected=false, layout-params=android.widget.RadioGroup$LayoutParams&#64;2312aed, tag=null, root-is-layout-requested=false, has-input-connection=false, x=0.0, y=913.0}
|
+-----------&gt;MaterialRadioButton{id=2131231175, res-name=skillet, visibility=VISIBLE, width=552, height=135, has-focus=false, has-focusable=true, has-window-focus=true, is-clickable=true, is-enabled=true, is-focused=false, is-focusable=true, is-layout-requested=false, is-selected=false, layout-params=android.widget.RadioGroup$LayoutParams&#64;a51ad22, tag=null, root-is-layout-requested=false, has-input-connection=false, x=0.0, y=916.0, text=Spicy Black Bean Skillet, input-type=0, ime-target=false, has-links=false, is-checked=false}
|
+-----------&gt;MaterialTextView{id=2131231176, res-name=skillet_description, visibility=VISIBLE, width=990, height=88, has-focus=false, has-focusable=false, has-window-focus=true, is-clickable=false, is-enabled=true, is-focused=false, is-focusable=false, is-layout-requested=false, is-selected=false, layout-params=android.widget.RadioGroup$LayoutParams&#64;1d343b3, tag=null, root-is-layout-requested=false, has-input-connection=false, x=0.0, y=1051.0, text=Seasonal vegetables, black beans, house spice blend, served with avocado and quick pickled onions, input-type=0, ime-target=false, has-links=false}
|
+-----------&gt;MaterialTextView{id=2131231177, res-name=skillet_price, visibility=VISIBLE, width=136, height=70, has-focus=false, has-focusable=false, has-window-focus=true, is-clickable=false, is-enabled=true, is-focused=false, is-focusable=false, is-layout-requested=false, is-selected=false, layout-params=android.widget.RadioGroup$LayoutParams&#64;5068d70, tag=null, root-is-layout-requested=false, has-input-connection=false, x=0.0, y=1139.0, text=₹5.50, input-type=0, ime-target=false, has-links=false}
|
+----------&gt;View{id=2131230910, res-name=divider, visibility=VISIBLE, width=990, height=3, has-focus=false, has-focusable=false, has-window-focus=true, is-clickable=false, is-enabled=true, is-focused=false, is-focusable=false, is-layout-requested=false, is-selected=false, layout-params=androidx.constraintlayout.widget.ConstraintLayout$LayoutParams&#64;78288e9, tag=null, root-is-layout-requested=false, has-input-connection=false, x=45.0, y=1232.0}
|
+----------&gt;MaterialTextView{id=2131231217, res-name=subtotal, visibility=VISIBLE, width=279, height=55, has-focus=false, has-focusable=false, has-window-focus=true, is-clickable=false, is-enabled=true, is-focused=false, is-focusable=false, is-layout-requested=false, is-selected=false, layout-params=androidx.constraintlayout.widget.ConstraintLayout$LayoutParams&#64;581796e, tag=null, root-is-layout-requested=false, has-input-connection=false, x=756.0, y=1280.0, text=Subtotal: ₹0.00, input-type=0, ime-target=false, has-links=false}
|
+----------&gt;MaterialButton{id=2131230842, res-name=cancel_button, visibility=VISIBLE, width=473, height=135, has-focus=false, has-focusable=true, has-window-focus=true, is-clickable=true, is-enabled=true, is-focused=false, is-focusable=true, is-layout-requested=false, is-selected=false, layout-params=androidx.constraintlayout.widget.ConstraintLayout$LayoutParams&#64;434680f, tag=null, root-is-layout-requested=false, has-input-connection=false, x=45.0, y=1380.0, text=Cancel, input-type=0, ime-target=false, has-links=false, is-checked=false}
|
+----------&gt;MaterialButton{id=2131231081, res-name=next_button, visibility=VISIBLE, width=472, height=135, has-focus=false, has-focusable=true, has-window-focus=true, is-clickable=true, is-enabled=true, is-focused=false, is-focusable=true, is-layout-requested=false, is-selected=false, layout-params=androidx.constraintlayout.widget.ConstraintLayout$LayoutParams&#64;c9f109c, tag=null, root-is-layout-requested=false, has-input-connection=false, x=563.0, y=1380.0, text=Next, input-type=0, ime-target=false, has-links=false, is-checked=false}
|
+----&gt;ActionBarContainer{id=2131230780, res-name=action_bar_container, visibility=VISIBLE, width=1080, height=158, has-focus=false, has-focusable=false, has-window-focus=true, is-clickable=false, is-enabled=true, is-focused=false, is-focusable=false, is-layout-requested=false, is-selected=false, layout-params=androidx.appcompat.widget.ActionBarOverlayLayout$LayoutParams&#64;fd9762b, tag=null, root-is-layout-requested=false, has-input-connection=false, x=0.0, y=0.0, child-count=2}
|
+-----&gt;Toolbar{id=2131230778, res-name=action_bar, visibility=VISIBLE, width=1080, height=158, has-focus=false, has-focusable=false, has-window-focus=true, is-clickable=false, is-enabled=true, is-focused=false, is-focusable=false, is-layout-requested=false, is-selected=false, layout-params=android.widget.FrameLayout$LayoutParams&#64;4774a07, tag=null, root-is-layout-requested=false, has-input-connection=false, x=0.0, y=0.0, child-count=3}
|
+------&gt;AppCompatTextView{id=-1, visibility=VISIBLE, width=598, height=75, has-focus=false, has-focusable=false, has-window-focus=true, is-clickable=false, is-enabled=true, is-focused=false, is-focusable=false, is-layout-requested=false, is-selected=false, layout-params=androidx.appcompat.widget.Toolbar$LayoutParams&#64;7c2d734, tag=null, root-is-layout-requested=false, has-input-connection=false, x=202.0, y=41.0, text=fragment_entree_menu, input-type=0, ime-target=false, has-links=false}
|
+------&gt;ActionMenuView{id=-1, visibility=VISIBLE, width=0, height=158, has-focus=false, has-focusable=false, has-window-focus=true, is-clickable=false, is-enabled=true, is-focused=false, is-focusable=false, is-layout-requested=false, is-selected=false, layout-params=androidx.appcompat.widget.Toolbar$LayoutParams&#64;1bfa95d, tag=null, root-is-layout-requested=false, has-input-connection=false, x=1080.0, y=0.0, child-count=0}
|
+------&gt;AppCompatImageButton{id=-1, desc=Navigate up, visibility=VISIBLE, width=158, height=158, has-focus=false, has-focusable=false, has-window-focus=true, is-clickable=true, is-enabled=true, is-focused=false, is-focusable=true, is-layout-requested=false, is-selected=false, layout-params=androidx.appcompat.widget.Toolbar$LayoutParams&#64;f23a2d2, tag=null, root-is-layout-requested=false, has-input-connection=false, x=0.0, y=0.0}
|
+-----&gt;ActionBarContextView{id=2131230787, res-name=action_context_bar, visibility=GONE, width=0, height=0, has-focus=false, has-focusable=false, has-window-focus=true, is-clickable=false, is-enabled=true, is-focused=false, is-focusable=false, is-layout-requested=true, is-selected=false, layout-params=android.widget.FrameLayout$LayoutParams&#64;e347fa3, tag=null, root-is-layout-requested=false, has-input-connection=false, x=0.0, y=0.0, child-count=0}
|
+-&gt;View{id=16908336, res-name=navigationBarBackground, visibility=VISIBLE, width=1080, height=42, has-focus=false, has-focusable=false, has-window-focus=true, is-clickable=false, is-enabled=true, is-focused=false, is-focusable=false, is-layout-requested=false, is-selected=false, layout-params=android.widget.FrameLayout$LayoutParams&#64;65032a0, tag=null, root-is-layout-requested=false, has-input-connection=false, x=0.0, y=2366.0}
|
+-&gt;View{id=16908335, res-name=statusBarBackground, visibility=VISIBLE, width=1080, height=66, has-focus=false, has-focusable=false, has-window-focus=true, is-clickable=false, is-enabled=true, is-focused=false, is-focusable=false, is-layout-requested=false, is-selected=false, layout-params=android.widget.FrameLayout$LayoutParams&#64;7527e59, tag=null, root-is-layout-requested=false, has-input-connection=false, x=0.0, y=0.0}
at dalvik.system.VMStack.getThreadStackTrace(Native Method)
at java.lang.Thread.getStackTrace(Thread.java:1724)
at androidx.test.espresso.base.DefaultFailureHandler.getUserFriendlyError(DefaultFailureHandler.java:12)
at androidx.test.espresso.base.DefaultFailureHandler.handle(DefaultFailureHandler.java:7)
at androidx.test.espresso.ViewInteraction.waitForAndHandleInteractionResults(ViewInteraction.java:8)
at androidx.test.espresso.ViewInteraction.check(ViewInteraction.java:12)
at com.example.lunchtray.OrderFunctionalityTests.order_reset_after_cancel_from_checkout(OrderFunctionalityTests.kt:263)</failure>
  </testcase>
</testsuite>